Archive Project report for InfraredProto
Sun Feb 09 15:01:47 2014
Quartus II 64-Bit Version 12.1 Build 243 01/31/2013 Service Pack 1.33 SJ Full Version


---------------------
; Table of Contents ;
---------------------
  1. Legal Notice
  2. Archive Project Summary
  3. Archive Project Messages
  4. Files Archived



----------------
; Legal Notice ;
----------------
Copyright (C) 1991-2012 Altera Corporation
Your use of Altera Corporation's design tools, logic functions 
and other software and tools, and its AMPP partner logic 
functions, and any output files from any of the foregoing 
(including device programming or simulation files), and any 
associated documentation or information are expressly subject 
to the terms and conditions of the Altera Program License 
Subscription Agreement, Altera MegaCore Function License 
Agreement, or other applicable license agreement, including, 
without limitation, that your use is for the sole purpose of 
programming logic devices manufactured by Altera and sold by 
Altera or its authorized distributors.  Please refer to the 
applicable agreement for further details.



+----------------------------------------------------------------+
; Archive Project Summary                                        ;
+------------------------+---------------------------------------+
; Archive Project Status ; Successful - Sun Feb 09 15:01:47 2014 ;
; Revision Name          ; InfraredProto                         ;
; Top-level Entity Name  ; InfraredProto                         ;
; Family                 ; Cyclone IV E                          ;
+------------------------+---------------------------------------+


+--------------------------+
; Archive Project Messages ;
+--------------------------+
Info: File Set 'Source control' contains:
    Info: Project source and settings files
    Info: Automatically detected source files
Critical Warning: Analysis & Elaboration was not run successfully
    Critical Warning: The 'Automatically detected source files' file subset will attempt to guess which files are needed. The archive file will likely be larger than required and may still be incomplete.
Warning (225010): Analysis was not performed on the current project. The Quartus II software may not be able to automatically locate all project files.
Info: Parsing: infrared_controller.vhd
Info: Parsing: InfraredProto.vhd
Info: ----------------------------------------------------------
Info: ----------------------------------------------------------
Info: Generated archive 'C:/Users/gongal/ARCap/Repository/InfraredProto/InfraredProto.qar'
Info: ----------------------------------------------------------
Info: ----------------------------------------------------------
Info: Generated report 'InfraredProto.archive.rpt'
Info (23030): Evaluation of Tcl script c:/altera/12.1sp1/quartus/common/tcl/apps/qpm/qar.tcl was successful
Info: Quartus II 64-Bit Shell was successful. 0 errors, 3 warnings
    Info: Peak virtual memory: 327 megabytes
    Info: Processing ended: Sun Feb 09 15:01:47 2014
    Info: Elapsed time: 00:00:02
    Info: Total CPU time (on all processors): 00:00:01


+---------------------------------------------------------+
; Files Archived                                          ;
+---------------------------------------------------------+
; File Name                                               ;
+---------------------------------------------------------+
; C:/altera/12.1sp1/quartus/bin64/assignment_defaults.qdf ;
; c:/altera/12.1sp1/quartus/bin64/assignment_defaults.qdf ;
; infrared_controller.vhd                                 ;
; InfraredProto.qpf                                       ;
; InfraredProto.qsf                                       ;
; InfraredProto.vhd                                       ;
; project1.qsys                                           ;
+---------------------------------------------------------+


