Info: Starting: Create block symbol file (.bsf)
Info: ip-generate --project-directory=C:/Users/gongal/ARCap/Repository/InfraredProto/ --output-directory=C:/Users/gongal/ARCap/Repository/InfraredProto/project1/ --report-file=bsf:C:/Users/gongal/ARCap/Repository/InfraredProto/project1.bsf --system-info=DEVICE_FAMILY="Cyclone IV E" --system-info=DEVICE=EP4CE22F17C6 --system-info=DEVICE_SPEEDGRADE=6 --component-file=C:/Users/gongal/ARCap/Repository/InfraredProto/project1.qsys
Progress: Loading InfraredProto/project1.qsys
Progress: Reading input file
Progress: Adding clk_0 [clock_source 12.1]
Progress: Parameterizing module clk_0
Progress: Adding nios2_qsys_0 [altera_nios2_qsys 12.1]
Progress: Parameterizing module nios2_qsys_0
Progress: Adding onchip_memory2_0 [altera_avalon_onchip_memory2 12.1]
Progress: Parameterizing module onchip_memory2_0
Progress: Adding sysid_qsys_0 [altera_avalon_sysid_qsys 12.1]
Progress: Parameterizing module sysid_qsys_0
Progress: Adding gate_timer [altera_avalon_timer 12.1]
Progress: Parameterizing module gate_timer
Progress: Adding leds [altera_avalon_pio 12.1]
Progress: Parameterizing module leds
Progress: Adding jtag_uart_0 [altera_avalon_jtag_uart 12.1]
Progress: Parameterizing module jtag_uart_0
Progress: Adding push_button [altera_avalon_pio 12.1]
Progress: Parameterizing module push_button
Progress: Adding altpll_0 [altpll 12.1]
Progress: Parameterizing module altpll_0
Progress: Adding sdram_0 [altera_avalon_new_sdram_controller 12.1]
Progress: Parameterizing module sdram_0
Progress: Adding ir_emitter [altera_avalon_pio 12.1]
Progress: Parameterizing module ir_emitter
Progress: Building connections
Progress: Parameterizing connections
Progress: Validating
Progress: Done reading input file
Info: project1.onchip_memory2_0: Memory will be initialized from onchip_memory2_0.hex
Info: project1.sysid_qsys_0: System ID is not assigned automatically. Edit the System ID parameter to provide a unique ID
Info: project1.sysid_qsys_0: Time stamp will be automatically updated when this component is generated.
Info: project1.push_button: PIO inputs are not hardwired in test bench. Undefined values will be read from PIO inputs during simulation.
Warning: project1.altpll_0: altpll_0.areset_conduit must be exported, or connected to a matching conduit.
Warning: project1.altpll_0: altpll_0.locked_conduit must be exported, or connected to a matching conduit.
Warning: project1.altpll_0: altpll_0.phasedone_conduit must be exported, or connected to a matching conduit.
Info: ip-generate succeeded.
Info: Finished: Create block symbol file (.bsf)
Info: 
Info: Starting: Create HDL design files for synthesis
Info: ip-generate --project-directory=C:/Users/gongal/ARCap/Repository/InfraredProto/ --output-directory=C:/Users/gongal/ARCap/Repository/InfraredProto/project1/synthesis/ --file-set=QUARTUS_SYNTH --report-file=sopcinfo:C:/Users/gongal/ARCap/Repository/InfraredProto/project1.sopcinfo --report-file=html:C:/Users/gongal/ARCap/Repository/InfraredProto/project1.html --report-file=qip:C:/Users/gongal/ARCap/Repository/InfraredProto/project1/synthesis/project1.qip --report-file=cmp:C:/Users/gongal/ARCap/Repository/InfraredProto/project1.cmp --system-info=DEVICE_FAMILY="Cyclone IV E" --system-info=DEVICE=EP4CE22F17C6 --system-info=DEVICE_SPEEDGRADE=6 --component-file=C:/Users/gongal/ARCap/Repository/InfraredProto/project1.qsys
Progress: Loading InfraredProto/project1.qsys
Progress: Reading input file
Progress: Adding clk_0 [clock_source 12.1]
Progress: Parameterizing module clk_0
Progress: Adding nios2_qsys_0 [altera_nios2_qsys 12.1]
Progress: Parameterizing module nios2_qsys_0
Progress: Adding onchip_memory2_0 [altera_avalon_onchip_memory2 12.1]
Progress: Parameterizing module onchip_memory2_0
Progress: Adding sysid_qsys_0 [altera_avalon_sysid_qsys 12.1]
Progress: Parameterizing module sysid_qsys_0
Progress: Adding gate_timer [altera_avalon_timer 12.1]
Progress: Parameterizing module gate_timer
Progress: Adding leds [altera_avalon_pio 12.1]
Progress: Parameterizing module leds
Progress: Adding jtag_uart_0 [altera_avalon_jtag_uart 12.1]
Progress: Parameterizing module jtag_uart_0
Progress: Adding push_button [altera_avalon_pio 12.1]
Progress: Parameterizing module push_button
Progress: Adding altpll_0 [altpll 12.1]
Progress: Parameterizing module altpll_0
Progress: Adding sdram_0 [altera_avalon_new_sdram_controller 12.1]
Progress: Parameterizing module sdram_0
Progress: Adding ir_emitter [altera_avalon_pio 12.1]
Progress: Parameterizing module ir_emitter
Progress: Building connections
Progress: Parameterizing connections
Progress: Validating
Progress: Done reading input file
Info: project1.onchip_memory2_0: Memory will be initialized from onchip_memory2_0.hex
Info: project1.sysid_qsys_0: System ID is not assigned automatically. Edit the System ID parameter to provide a unique ID
Info: project1.sysid_qsys_0: Time stamp will be automatically updated when this component is generated.
Info: project1.push_button: PIO inputs are not hardwired in test bench. Undefined values will be read from PIO inputs during simulation.
Warning: project1.altpll_0: altpll_0.areset_conduit must be exported, or connected to a matching conduit.
Warning: project1.altpll_0: altpll_0.locked_conduit must be exported, or connected to a matching conduit.
Warning: project1.altpll_0: altpll_0.phasedone_conduit must be exported, or connected to a matching conduit.
Info: project1: Generating project1 "project1" for QUARTUS_SYNTH
Info: pipeline_bridge_swap_transform: After transform: 11 modules, 44 connections
Info: No custom instruction connections, skipping transform 
Info: merlin_translator_transform: After transform: 23 modules, 91 connections
Info: merlin_domain_transform: After transform: 47 modules, 247 connections
Info: merlin_router_transform: After transform: 59 modules, 294 connections
Info: merlin_burst_transform: After transform: 60 modules, 298 connections
Info: reset_adaptation_transform: After transform: 63 modules, 242 connections
Info: merlin_network_to_switch_transform: After transform: 86 modules, 292 connections
Info: merlin_width_transform: After transform: 88 modules, 298 connections
Info: Inserting clock-crossing logic between cmd_xbar_demux_001.src8 and cmd_xbar_mux_008.sink0
Info: Inserting clock-crossing logic between rsp_xbar_demux_008.src0 and rsp_xbar_mux_001.sink8
Info: com_altera_sopcmodel_transforms_avalon_ClockCrossingTransform: After transform: 90 modules, 308 connections
Info: merlin_interrupt_mapper_transform: After transform: 91 modules, 311 connections
Info: nios2_qsys_0: Starting RTL generation for module 'project1_nios2_qsys_0'
Info: nios2_qsys_0:   Generation command is [exec C:/altera/12.1sp1/quartus/../ip/altera/nios2_ip/altera_nios2/eperl.exe -I C:/altera/12.1sp1/quartus/common/ip/altera/common/perl/5.8.3 -I C:/altera/12.1sp1/quartus/sopc_builder/bin/europa -I C:/altera/12.1sp1/quartus/sopc_builder/bin/perl_lib -I C:/altera/12.1sp1/quartus/sopc_builder/bin -I C:/altera/12.1sp1/quartus/../ip/altera/nios2_ip/altera_nios2/cpu_lib -I C:/altera/12.1sp1/quartus/../ip/altera/nios2_ip/altera_nios2/nios_lib -I C:/altera/12.1sp1/quartus/../ip/altera/nios2_ip/altera_nios2 -I C:/altera/12.1sp1/quartus/../ip/altera/nios2_ip/altera_nios2 -- C:/altera/12.1sp1/quartus/../ip/altera/nios2_ip/altera_nios2/generate_rtl.epl --name=project1_nios2_qsys_0 --dir=C:/Users/gongal/AppData/Local/Temp/alt6112_2019625588155251900.dir/0001_nios2_qsys_0_gen/ --quartus_dir=C:/altera/12.1sp1/quartus --verilog --config=C:/Users/gongal/AppData/Local/Temp/alt6112_2019625588155251900.dir/0001_nios2_qsys_0_gen//project1_nios2_qsys_0_processor_configuration.pl  --do_build_sim=0    --bogus  ]
Info: nios2_qsys_0: # 2014.02.10 17:30:18 (*) Starting Nios II generation
Info: nios2_qsys_0: # 2014.02.10 17:30:18 (*)   Checking for plaintext license.
Info: nios2_qsys_0: # 2014.02.10 17:30:18 (*)   Couldn't query license setup in Quartus directory C:/altera/12.1sp1/quartus
Info: nios2_qsys_0: # 2014.02.10 17:30:18 (*)   Defaulting to contents of LM_LICENSE_FILE environment variable
Info: nios2_qsys_0: # 2014.02.10 17:30:18 (*)   Plaintext license not found.
Info: nios2_qsys_0: # 2014.02.10 17:30:18 (*)   No license required to generate encrypted Nios II/e.
Info: nios2_qsys_0: # 2014.02.10 17:30:18 (*)   Elaborating CPU configuration settings
Info: nios2_qsys_0: # 2014.02.10 17:30:18 (*)   Creating all objects for CPU
Info: nios2_qsys_0: # 2014.02.10 17:30:19 (*)   Generating RTL from CPU objects
Info: nios2_qsys_0: # 2014.02.10 17:30:19 (*)   Creating plain-text RTL
Info: nios2_qsys_0: # 2014.02.10 17:30:21 (*) Done Nios II generation
Info: nios2_qsys_0: Done RTL generation for module 'project1_nios2_qsys_0'
Info: nios2_qsys_0: "project1" instantiated altera_nios2_qsys "nios2_qsys_0"
Info: Starting classic module elaboration.
"c:/altera/12.1sp1/quartus/bin/jre/bin/java.exe" -Xmx512M -classpath "c:/altera/12.1sp1/quartus/sopc_builder/bin/sopc_builder.jar;c:/altera/12.1sp1/quartus/sopc_builder/bin/PinAssigner.jar;c:/altera/12.1sp1/quartus/sopc_builder/bin/sopc_wizard.jar;c:/altera/12.1sp1/quartus/sopc_builder/bin/jptf.jar" sopc_builder.sopc_builder  -d"c:/altera/12.1sp1/quartus/sopc_builder" -notalkback=1 -projectnameyysystem.qpf -projectpathC:/Users/gongal/AppData/Local/Temp/alt6112_2019625588155251900.dir/0002_sopclgen  --no_splash --refresh C:/Users/gongal/AppData/Local/Temp/alt6112_2019625588155251900.dir/0002_sopclgen/yysystem.v --quartus_dir="c:/altera/12.1sp1/quartus" --sopc_perl="c:/altera/12.1sp1/quartus/bin/perl" --sopc_lib_path="++c:/altera/12.1sp1/quartus/../ip/altera/sopc_builder_ip+c:/altera/12.1sp1/quartus/../ip/altera/nios2_ip"
Info: Finished elaborating classic module.
Executing: C:/altera/12.1sp1/quartus//sopc_builder/bin/sopc_builder --classic --generate C:/Users/gongal/AppData/Local/Temp/alt6112_2019625588155251900.dir/0002_sopclgen/yysystem.ptf
Info: Running sopc_builder...
"c:/altera/12.1sp1/quartus/bin/jre/bin/java.exe" -Xmx512M -classpath "c:/altera/12.1sp1/quartus/sopc_builder/bin/sopc_builder.jar;c:/altera/12.1sp1/quartus/sopc_builder/bin/PinAssigner.jar;c:/altera/12.1sp1/quartus/sopc_builder/bin/sopc_wizard.jar;c:/altera/12.1sp1/quartus/sopc_builder/bin/jptf.jar" sopc_builder.sopc_builder  -d"c:/altera/12.1sp1/quartus/sopc_builder" -notalkback=1 -projectnameyysystem.qpf -projectpathC:/Users/gongal/AppData/Local/Temp/alt6112_2019625588155251900.dir/0002_sopclgen  --generate C:/Users/gongal/AppData/Local/Temp/alt6112_2019625588155251900.dir/0002_sopclgen/yysystem.v --quartus_dir="c:/altera/12.1sp1/quartus" --sopc_perl="c:/altera/12.1sp1/quartus/bin/perl" --sopc_lib_path="++c:/altera/12.1sp1/quartus/../ip/altera/sopc_builder_ip+c:/altera/12.1sp1/quartus/../ip/altera/nios2_ip"
No .sopc_builder configuration file(!)
.
# 2014.02.10 17:30:26 (*) Success: sopc_builder finished.
Info: onchip_memory2_0: "project1" instantiated altera_avalon_onchip_memory2 "onchip_memory2_0"
Info: sysid_qsys_0: "project1" instantiated altera_avalon_sysid_qsys "sysid_qsys_0"
Info: Starting classic module elaboration.
"c:/altera/12.1sp1/quartus/bin/jre/bin/java.exe" -Xmx512M -classpath "c:/altera/12.1sp1/quartus/sopc_builder/bin/sopc_builder.jar;c:/altera/12.1sp1/quartus/sopc_builder/bin/PinAssigner.jar;c:/altera/12.1sp1/quartus/sopc_builder/bin/sopc_wizard.jar;c:/altera/12.1sp1/quartus/sopc_builder/bin/jptf.jar" sopc_builder.sopc_builder  -d"c:/altera/12.1sp1/quartus/sopc_builder" -notalkback=1 -projectnameyysystem.qpf -projectpathC:/Users/gongal/AppData/Local/Temp/alt6112_2019625588155251900.dir/0004_sopclgen  --no_splash --refresh C:/Users/gongal/AppData/Local/Temp/alt6112_2019625588155251900.dir/0004_sopclgen/yysystem.v --quartus_dir="c:/altera/12.1sp1/quartus" --sopc_perl="c:/altera/12.1sp1/quartus/bin/perl" --sopc_lib_path="++c:/altera/12.1sp1/quartus/../ip/altera/sopc_builder_ip+c:/altera/12.1sp1/quartus/../ip/altera/nios2_ip"
Info: Finished elaborating classic module.
Executing: C:/altera/12.1sp1/quartus//sopc_builder/bin/sopc_builder --classic --generate C:/Users/gongal/AppData/Local/Temp/alt6112_2019625588155251900.dir/0004_sopclgen/yysystem.ptf
Info: Running sopc_builder...
"c:/altera/12.1sp1/quartus/bin/jre/bin/java.exe" -Xmx512M -classpath "c:/altera/12.1sp1/quartus/sopc_builder/bin/sopc_builder.jar;c:/altera/12.1sp1/quartus/sopc_builder/bin/PinAssigner.jar;c:/altera/12.1sp1/quartus/sopc_builder/bin/sopc_wizard.jar;c:/altera/12.1sp1/quartus/sopc_builder/bin/jptf.jar" sopc_builder.sopc_builder  -d"c:/altera/12.1sp1/quartus/sopc_builder" -notalkback=1 -projectnameyysystem.qpf -projectpathC:/Users/gongal/AppData/Local/Temp/alt6112_2019625588155251900.dir/0004_sopclgen  --generate C:/Users/gongal/AppData/Local/Temp/alt6112_2019625588155251900.dir/0004_sopclgen/yysystem.v --quartus_dir="c:/altera/12.1sp1/quartus" --sopc_perl="c:/altera/12.1sp1/quartus/bin/perl" --sopc_lib_path="++c:/altera/12.1sp1/quartus/../ip/altera/sopc_builder_ip+c:/altera/12.1sp1/quartus/../ip/altera/nios2_ip"
No .sopc_builder configuration file(!)
.
# 2014.02.10 17:30:30 (*) Success: sopc_builder finished.
Info: gate_timer: "project1" instantiated altera_avalon_timer "gate_timer"
Info: Starting classic module elaboration.
"c:/altera/12.1sp1/quartus/bin/jre/bin/java.exe" -Xmx512M -classpath "c:/altera/12.1sp1/quartus/sopc_builder/bin/sopc_builder.jar;c:/altera/12.1sp1/quartus/sopc_builder/bin/PinAssigner.jar;c:/altera/12.1sp1/quartus/sopc_builder/bin/sopc_wizard.jar;c:/altera/12.1sp1/quartus/sopc_builder/bin/jptf.jar" sopc_builder.sopc_builder  -d"c:/altera/12.1sp1/quartus/sopc_builder" -notalkback=1 -projectnameyysystem.qpf -projectpathC:/Users/gongal/AppData/Local/Temp/alt6112_2019625588155251900.dir/0005_sopclgen  --no_splash --refresh C:/Users/gongal/AppData/Local/Temp/alt6112_2019625588155251900.dir/0005_sopclgen/yysystem.v --quartus_dir="c:/altera/12.1sp1/quartus" --sopc_perl="c:/altera/12.1sp1/quartus/bin/perl" --sopc_lib_path="++c:/altera/12.1sp1/quartus/../ip/altera/sopc_builder_ip+c:/altera/12.1sp1/quartus/../ip/altera/nios2_ip"
Info: Finished elaborating classic module.
Executing: C:/altera/12.1sp1/quartus//sopc_builder/bin/sopc_builder --classic --generate C:/Users/gongal/AppData/Local/Temp/alt6112_2019625588155251900.dir/0005_sopclgen/yysystem.ptf
Info: Running sopc_builder...
"c:/altera/12.1sp1/quartus/bin/jre/bin/java.exe" -Xmx512M -classpath "c:/altera/12.1sp1/quartus/sopc_builder/bin/sopc_builder.jar;c:/altera/12.1sp1/quartus/sopc_builder/bin/PinAssigner.jar;c:/altera/12.1sp1/quartus/sopc_builder/bin/sopc_wizard.jar;c:/altera/12.1sp1/quartus/sopc_builder/bin/jptf.jar" sopc_builder.sopc_builder  -d"c:/altera/12.1sp1/quartus/sopc_builder" -notalkback=1 -projectnameyysystem.qpf -projectpathC:/Users/gongal/AppData/Local/Temp/alt6112_2019625588155251900.dir/0005_sopclgen  --generate C:/Users/gongal/AppData/Local/Temp/alt6112_2019625588155251900.dir/0005_sopclgen/yysystem.v --quartus_dir="c:/altera/12.1sp1/quartus" --sopc_perl="c:/altera/12.1sp1/quartus/bin/perl" --sopc_lib_path="++c:/altera/12.1sp1/quartus/../ip/altera/sopc_builder_ip+c:/altera/12.1sp1/quartus/../ip/altera/nios2_ip"
No .sopc_builder configuration file(!)
.
# 2014.02.10 17:30:35 (*) Success: sopc_builder finished.
Info: leds: "project1" instantiated altera_avalon_pio "leds"
Info: Starting classic module elaboration.
"c:/altera/12.1sp1/quartus/bin/jre/bin/java.exe" -Xmx512M -classpath "c:/altera/12.1sp1/quartus/sopc_builder/bin/sopc_builder.jar;c:/altera/12.1sp1/quartus/sopc_builder/bin/PinAssigner.jar;c:/altera/12.1sp1/quartus/sopc_builder/bin/sopc_wizard.jar;c:/altera/12.1sp1/quartus/sopc_builder/bin/jptf.jar" sopc_builder.sopc_builder  -d"c:/altera/12.1sp1/quartus/sopc_builder" -notalkback=1 -projectnameyysystem.qpf -projectpathC:/Users/gongal/AppData/Local/Temp/alt6112_2019625588155251900.dir/0006_sopclgen  --no_splash --refresh C:/Users/gongal/AppData/Local/Temp/alt6112_2019625588155251900.dir/0006_sopclgen/yysystem.v --quartus_dir="c:/altera/12.1sp1/quartus" --sopc_perl="c:/altera/12.1sp1/quartus/bin/perl" --sopc_lib_path="++c:/altera/12.1sp1/quartus/../ip/altera/sopc_builder_ip+c:/altera/12.1sp1/quartus/../ip/altera/nios2_ip"
Info: Finished elaborating classic module.
Executing: C:/altera/12.1sp1/quartus//sopc_builder/bin/sopc_builder --classic --generate C:/Users/gongal/AppData/Local/Temp/alt6112_2019625588155251900.dir/0006_sopclgen/yysystem.ptf
Info: Running sopc_builder...
"c:/altera/12.1sp1/quartus/bin/jre/bin/java.exe" -Xmx512M -classpath "c:/altera/12.1sp1/quartus/sopc_builder/bin/sopc_builder.jar;c:/altera/12.1sp1/quartus/sopc_builder/bin/PinAssigner.jar;c:/altera/12.1sp1/quartus/sopc_builder/bin/sopc_wizard.jar;c:/altera/12.1sp1/quartus/sopc_builder/bin/jptf.jar" sopc_builder.sopc_builder  -d"c:/altera/12.1sp1/quartus/sopc_builder" -notalkback=1 -projectnameyysystem.qpf -projectpathC:/Users/gongal/AppData/Local/Temp/alt6112_2019625588155251900.dir/0006_sopclgen  --generate C:/Users/gongal/AppData/Local/Temp/alt6112_2019625588155251900.dir/0006_sopclgen/yysystem.v --quartus_dir="c:/altera/12.1sp1/quartus" --sopc_perl="c:/altera/12.1sp1/quartus/bin/perl" --sopc_lib_path="++c:/altera/12.1sp1/quartus/../ip/altera/sopc_builder_ip+c:/altera/12.1sp1/quartus/../ip/altera/nios2_ip"
No .sopc_builder configuration file(!)
.
# 2014.02.10 17:30:39 (*) Success: sopc_builder finished.
Info: jtag_uart_0: "project1" instantiated altera_avalon_jtag_uart "jtag_uart_0"
Info: Starting classic module elaboration.
"c:/altera/12.1sp1/quartus/bin/jre/bin/java.exe" -Xmx512M -classpath "c:/altera/12.1sp1/quartus/sopc_builder/bin/sopc_builder.jar;c:/altera/12.1sp1/quartus/sopc_builder/bin/PinAssigner.jar;c:/altera/12.1sp1/quartus/sopc_builder/bin/sopc_wizard.jar;c:/altera/12.1sp1/quartus/sopc_builder/bin/jptf.jar" sopc_builder.sopc_builder  -d"c:/altera/12.1sp1/quartus/sopc_builder" -notalkback=1 -projectnameyysystem.qpf -projectpathC:/Users/gongal/AppData/Local/Temp/alt6112_2019625588155251900.dir/0007_sopclgen  --no_splash --refresh C:/Users/gongal/AppData/Local/Temp/alt6112_2019625588155251900.dir/0007_sopclgen/yysystem.v --quartus_dir="c:/altera/12.1sp1/quartus" --sopc_perl="c:/altera/12.1sp1/quartus/bin/perl" --sopc_lib_path="++c:/altera/12.1sp1/quartus/../ip/altera/sopc_builder_ip+c:/altera/12.1sp1/quartus/../ip/altera/nios2_ip"
Info: Finished elaborating classic module.
Executing: C:/altera/12.1sp1/quartus//sopc_builder/bin/sopc_builder --classic --generate C:/Users/gongal/AppData/Local/Temp/alt6112_2019625588155251900.dir/0007_sopclgen/yysystem.ptf
Info: Running sopc_builder...
"c:/altera/12.1sp1/quartus/bin/jre/bin/java.exe" -Xmx512M -classpath "c:/altera/12.1sp1/quartus/sopc_builder/bin/sopc_builder.jar;c:/altera/12.1sp1/quartus/sopc_builder/bin/PinAssigner.jar;c:/altera/12.1sp1/quartus/sopc_builder/bin/sopc_wizard.jar;c:/altera/12.1sp1/quartus/sopc_builder/bin/jptf.jar" sopc_builder.sopc_builder  -d"c:/altera/12.1sp1/quartus/sopc_builder" -notalkback=1 -projectnameyysystem.qpf -projectpathC:/Users/gongal/AppData/Local/Temp/alt6112_2019625588155251900.dir/0007_sopclgen  --generate C:/Users/gongal/AppData/Local/Temp/alt6112_2019625588155251900.dir/0007_sopclgen/yysystem.v --quartus_dir="c:/altera/12.1sp1/quartus" --sopc_perl="c:/altera/12.1sp1/quartus/bin/perl" --sopc_lib_path="++c:/altera/12.1sp1/quartus/../ip/altera/sopc_builder_ip+c:/altera/12.1sp1/quartus/../ip/altera/nios2_ip"
No .sopc_builder configuration file(!)
.
# 2014.02.10 17:30:43 (*) Success: sopc_builder finished.
Info: push_button: "project1" instantiated altera_avalon_pio "push_button"
Info: altpll_0: "project1" instantiated altpll "altpll_0"
Info: Starting classic module elaboration.
"c:/altera/12.1sp1/quartus/bin/jre/bin/java.exe" -Xmx512M -classpath "c:/altera/12.1sp1/quartus/sopc_builder/bin/sopc_builder.jar;c:/altera/12.1sp1/quartus/sopc_builder/bin/PinAssigner.jar;c:/altera/12.1sp1/quartus/sopc_builder/bin/sopc_wizard.jar;c:/altera/12.1sp1/quartus/sopc_builder/bin/jptf.jar" sopc_builder.sopc_builder  -d"c:/altera/12.1sp1/quartus/sopc_builder" -notalkback=1 -projectnameyysystem.qpf -projectpathC:/Users/gongal/AppData/Local/Temp/alt6112_2019625588155251900.dir/0010_sopclgen  --no_splash --refresh C:/Users/gongal/AppData/Local/Temp/alt6112_2019625588155251900.dir/0010_sopclgen/yysystem.v --quartus_dir="c:/altera/12.1sp1/quartus" --sopc_perl="c:/altera/12.1sp1/quartus/bin/perl" --sopc_lib_path="++c:/altera/12.1sp1/quartus/../ip/altera/sopc_builder_ip+c:/altera/12.1sp1/quartus/../ip/altera/nios2_ip"
Info: Finished elaborating classic module.
Executing: C:/altera/12.1sp1/quartus//sopc_builder/bin/sopc_builder --classic --generate C:/Users/gongal/AppData/Local/Temp/alt6112_2019625588155251900.dir/0010_sopclgen/yysystem.ptf
Info: Running sopc_builder...
"c:/altera/12.1sp1/quartus/bin/jre/bin/java.exe" -Xmx512M -classpath "c:/altera/12.1sp1/quartus/sopc_builder/bin/sopc_builder.jar;c:/altera/12.1sp1/quartus/sopc_builder/bin/PinAssigner.jar;c:/altera/12.1sp1/quartus/sopc_builder/bin/sopc_wizard.jar;c:/altera/12.1sp1/quartus/sopc_builder/bin/jptf.jar" sopc_builder.sopc_builder  -d"c:/altera/12.1sp1/quartus/sopc_builder" -notalkback=1 -projectnameyysystem.qpf -projectpathC:/Users/gongal/AppData/Local/Temp/alt6112_2019625588155251900.dir/0010_sopclgen  --generate C:/Users/gongal/AppData/Local/Temp/alt6112_2019625588155251900.dir/0010_sopclgen/yysystem.v --quartus_dir="c:/altera/12.1sp1/quartus" --sopc_perl="c:/altera/12.1sp1/quartus/bin/perl" --sopc_lib_path="++c:/altera/12.1sp1/quartus/../ip/altera/sopc_builder_ip+c:/altera/12.1sp1/quartus/../ip/altera/nios2_ip"
No .sopc_builder configuration file(!)
.
.
# 2014.02.10 17:30:49 (*) Running Test Generator Program for project1_sdram_0
# 2014.02.10 17:30:50 (*) Success: sopc_builder finished.
Info: sdram_0: "project1" instantiated altera_avalon_new_sdram_controller "sdram_0"
Info: Starting classic module elaboration.
"c:/altera/12.1sp1/quartus/bin/jre/bin/java.exe" -Xmx512M -classpath "c:/altera/12.1sp1/quartus/sopc_builder/bin/sopc_builder.jar;c:/altera/12.1sp1/quartus/sopc_builder/bin/PinAssigner.jar;c:/altera/12.1sp1/quartus/sopc_builder/bin/sopc_wizard.jar;c:/altera/12.1sp1/quartus/sopc_builder/bin/jptf.jar" sopc_builder.sopc_builder  -d"c:/altera/12.1sp1/quartus/sopc_builder" -notalkback=1 -projectnameyysystem.qpf -projectpathC:/Users/gongal/AppData/Local/Temp/alt6112_2019625588155251900.dir/0011_sopclgen  --no_splash --refresh C:/Users/gongal/AppData/Local/Temp/alt6112_2019625588155251900.dir/0011_sopclgen/yysystem.v --quartus_dir="c:/altera/12.1sp1/quartus" --sopc_perl="c:/altera/12.1sp1/quartus/bin/perl" --sopc_lib_path="++c:/altera/12.1sp1/quartus/../ip/altera/sopc_builder_ip+c:/altera/12.1sp1/quartus/../ip/altera/nios2_ip"
Info: Finished elaborating classic module.
Executing: C:/altera/12.1sp1/quartus//sopc_builder/bin/sopc_builder --classic --generate C:/Users/gongal/AppData/Local/Temp/alt6112_2019625588155251900.dir/0011_sopclgen/yysystem.ptf
Info: Running sopc_builder...
"c:/altera/12.1sp1/quartus/bin/jre/bin/java.exe" -Xmx512M -classpath "c:/altera/12.1sp1/quartus/sopc_builder/bin/sopc_builder.jar;c:/altera/12.1sp1/quartus/sopc_builder/bin/PinAssigner.jar;c:/altera/12.1sp1/quartus/sopc_builder/bin/sopc_wizard.jar;c:/altera/12.1sp1/quartus/sopc_builder/bin/jptf.jar" sopc_builder.sopc_builder  -d"c:/altera/12.1sp1/quartus/sopc_builder" -notalkback=1 -projectnameyysystem.qpf -projectpathC:/Users/gongal/AppData/Local/Temp/alt6112_2019625588155251900.dir/0011_sopclgen  --generate C:/Users/gongal/AppData/Local/Temp/alt6112_2019625588155251900.dir/0011_sopclgen/yysystem.v --quartus_dir="c:/altera/12.1sp1/quartus" --sopc_perl="c:/altera/12.1sp1/quartus/bin/perl" --sopc_lib_path="++c:/altera/12.1sp1/quartus/../ip/altera/sopc_builder_ip+c:/altera/12.1sp1/quartus/../ip/altera/nios2_ip"
No .sopc_builder configuration file(!)
.
# 2014.02.10 17:30:54 (*) Success: sopc_builder finished.
Info: ir_emitter: "project1" instantiated altera_avalon_pio "ir_emitter"
Info: nios2_qsys_0_instruction_master_translator: "project1" instantiated altera_merlin_master_translator "nios2_qsys_0_instruction_master_translator"
Info: nios2_qsys_0_jtag_debug_module_translator: "project1" instantiated altera_merlin_slave_translator "nios2_qsys_0_jtag_debug_module_translator"
Info: nios2_qsys_0_instruction_master_translator_avalon_universal_master_0_agent: "project1" instantiated altera_merlin_master_agent "nios2_qsys_0_instruction_master_translator_avalon_universal_master_0_agent"
Info: nios2_qsys_0_jtag_debug_module_translator_avalon_universal_slave_0_agent: "project1" instantiated altera_merlin_slave_agent "nios2_qsys_0_jtag_debug_module_translator_avalon_universal_slave_0_agent"
Info: nios2_qsys_0_jtag_debug_module_translator_avalon_universal_slave_0_agent_rsp_fifo: "project1" instantiated altera_avalon_sc_fifo "nios2_qsys_0_jtag_debug_module_translator_avalon_universal_slave_0_agent_rsp_fifo"
Info: addr_router: "project1" instantiated altera_merlin_router "addr_router"
Info: addr_router_001: "project1" instantiated altera_merlin_router "addr_router_001"
Info: id_router: "project1" instantiated altera_merlin_router "id_router"
Info: id_router_002: "project1" instantiated altera_merlin_router "id_router_002"
Info: id_router_003: "project1" instantiated altera_merlin_router "id_router_003"
Info: burst_adapter: "project1" instantiated altera_merlin_burst_adapter "burst_adapter"
Info: rst_controller: "project1" instantiated altera_reset_controller "rst_controller"
Info: cmd_xbar_demux: "project1" instantiated altera_merlin_demultiplexer "cmd_xbar_demux"
Info: cmd_xbar_demux_001: "project1" instantiated altera_merlin_demultiplexer "cmd_xbar_demux_001"
Info: cmd_xbar_mux: "project1" instantiated altera_merlin_multiplexer "cmd_xbar_mux"
Info: rsp_xbar_demux: "project1" instantiated altera_merlin_demultiplexer "rsp_xbar_demux"
Info: rsp_xbar_demux_003: "project1" instantiated altera_merlin_demultiplexer "rsp_xbar_demux_003"
Info: rsp_xbar_mux: "project1" instantiated altera_merlin_multiplexer "rsp_xbar_mux"
Info: Reusing file C:/Users/gongal/ARCap/Repository/InfraredProto/project1/synthesis/submodules/altera_merlin_arbitrator.sv
Info: rsp_xbar_mux_001: "project1" instantiated altera_merlin_multiplexer "rsp_xbar_mux_001"
Info: Reusing file C:/Users/gongal/ARCap/Repository/InfraredProto/project1/synthesis/submodules/altera_merlin_arbitrator.sv
Info: width_adapter: "project1" instantiated altera_merlin_width_adapter "width_adapter"
Info: Reusing file C:/Users/gongal/ARCap/Repository/InfraredProto/project1/synthesis/submodules/altera_merlin_burst_uncompressor.sv
Info: Reusing file C:/Users/gongal/ARCap/Repository/InfraredProto/project1/synthesis/submodules/altera_merlin_address_alignment.sv
Info: crosser: "project1" instantiated altera_avalon_st_handshake_clock_crosser "crosser"
Info: irq_mapper: "project1" instantiated altera_irq_mapper "irq_mapper"
Info: project1: Done project1" with 33 modules, 123 files, 2275520 bytes
Info: ip-generate succeeded.
Info: Finished: Create HDL design files for synthesis
