Info: Starting: Create block symbol file (.bsf)
Info: ip-generate --project-directory=C:/Users/kigunda/Documents/Ece492/Repository/InfraredHandler/ --output-directory=C:/Users/kigunda/Documents/Ece492/Repository/InfraredHandler/system/ --report-file=bsf:C:/Users/kigunda/Documents/Ece492/Repository/InfraredHandler/system.bsf --system-info=DEVICE_FAMILY="Cyclone IV E" --system-info=DEVICE=EP4CE22F17C6 --system-info=DEVICE_SPEEDGRADE=6 --component-file=C:/Users/kigunda/Documents/Ece492/Repository/InfraredHandler/system.qsys
Progress: Loading InfraredHandler/system.qsys
Progress: Reading input file
Progress: Adding clk_sys [clock_source 12.1]
Progress: Parameterizing module clk_sys
Progress: Adding cpu [altera_nios2_qsys 12.1]
Progress: Parameterizing module cpu
Progress: Adding sysid [altera_avalon_sysid_qsys 12.1]
Progress: Parameterizing module sysid
Progress: Adding sdram [altera_avalon_new_sdram_controller 12.1]
Progress: Parameterizing module sdram
Progress: Adding sys_clk_timer [altera_avalon_timer 12.1]
Progress: Parameterizing module sys_clk_timer
Progress: Adding pio_led [altera_avalon_pio 12.1]
Progress: Parameterizing module pio_led
Progress: Adding pio_key_left [altera_avalon_pio 12.1]
Progress: Parameterizing module pio_key_left
Progress: Adding pio_sw [altera_avalon_pio 12.1]
Progress: Parameterizing module pio_sw
Progress: Adding jtag_uart_0 [altera_avalon_jtag_uart 12.1]
Progress: Parameterizing module jtag_uart_0
Progress: Adding pio_ir_emitter [altera_avalon_pio 12.1]
Progress: Parameterizing module pio_ir_emitter
Progress: Adding adc [altera_up_avalon_de0_nano_adc 12.0]
Progress: Parameterizing module adc
Progress: Building connections
Progress: Parameterizing connections
Progress: Validating
Progress: Done reading input file
Info: system.sysid: System ID is not assigned automatically. Edit the System ID parameter to provide a unique ID
Info: system.sysid: Time stamp will be automatically updated when this component is generated.
Info: system.pio_key_left: PIO inputs are not hardwired in test bench. Undefined values will be read from PIO inputs during simulation.
Info: system.pio_sw: PIO inputs are not hardwired in test bench. Undefined values will be read from PIO inputs during simulation.
Info: ip-generate succeeded.
Info: Finished: Create block symbol file (.bsf)
Info: 
Info: Starting: Create HDL design files for synthesis
Info: ip-generate --project-directory=C:/Users/kigunda/Documents/Ece492/Repository/InfraredHandler/ --output-directory=C:/Users/kigunda/Documents/Ece492/Repository/InfraredHandler/system/synthesis/ --file-set=QUARTUS_SYNTH --report-file=sopcinfo:C:/Users/kigunda/Documents/Ece492/Repository/InfraredHandler/system.sopcinfo --report-file=html:C:/Users/kigunda/Documents/Ece492/Repository/InfraredHandler/system.html --report-file=qip:C:/Users/kigunda/Documents/Ece492/Repository/InfraredHandler/system/synthesis/system.qip --report-file=cmp:C:/Users/kigunda/Documents/Ece492/Repository/InfraredHandler/system.cmp --system-info=DEVICE_FAMILY="Cyclone IV E" --system-info=DEVICE=EP4CE22F17C6 --system-info=DEVICE_SPEEDGRADE=6 --component-file=C:/Users/kigunda/Documents/Ece492/Repository/InfraredHandler/system.qsys
Progress: Loading InfraredHandler/system.qsys
Progress: Reading input file
Progress: Adding clk_sys [clock_source 12.1]
Progress: Parameterizing module clk_sys
Progress: Adding cpu [altera_nios2_qsys 12.1]
Progress: Parameterizing module cpu
Progress: Adding sysid [altera_avalon_sysid_qsys 12.1]
Progress: Parameterizing module sysid
Progress: Adding sdram [altera_avalon_new_sdram_controller 12.1]
Progress: Parameterizing module sdram
Progress: Adding sys_clk_timer [altera_avalon_timer 12.1]
Progress: Parameterizing module sys_clk_timer
Progress: Adding pio_led [altera_avalon_pio 12.1]
Progress: Parameterizing module pio_led
Progress: Adding pio_key_left [altera_avalon_pio 12.1]
Progress: Parameterizing module pio_key_left
Progress: Adding pio_sw [altera_avalon_pio 12.1]
Progress: Parameterizing module pio_sw
Progress: Adding jtag_uart_0 [altera_avalon_jtag_uart 12.1]
Progress: Parameterizing module jtag_uart_0
Progress: Adding pio_ir_emitter [altera_avalon_pio 12.1]
Progress: Parameterizing module pio_ir_emitter
Progress: Adding adc [altera_up_avalon_de0_nano_adc 12.0]
Progress: Parameterizing module adc
Progress: Building connections
Progress: Parameterizing connections
Progress: Validating
Progress: Done reading input file
Info: system.sysid: System ID is not assigned automatically. Edit the System ID parameter to provide a unique ID
Info: system.sysid: Time stamp will be automatically updated when this component is generated.
Info: system.pio_key_left: PIO inputs are not hardwired in test bench. Undefined values will be read from PIO inputs during simulation.
Info: system.pio_sw: PIO inputs are not hardwired in test bench. Undefined values will be read from PIO inputs during simulation.
Info: system: Generating system "system" for QUARTUS_SYNTH
Info: pipeline_bridge_swap_transform: After transform: 11 modules, 45 connections
Info: No custom instruction connections, skipping transform 
Info: merlin_translator_transform: After transform: 23 modules, 93 connections
Info: merlin_domain_transform: After transform: 46 modules, 249 connections
Info: merlin_router_transform: After transform: 58 modules, 297 connections
Info: merlin_traffic_limiter_transform: After transform: 60 modules, 307 connections
Info: merlin_burst_transform: After transform: 61 modules, 311 connections
Info: reset_adaptation_transform: After transform: 62 modules, 243 connections
Info: merlin_network_to_switch_transform: After transform: 85 modules, 291 connections
Info: merlin_width_transform: After transform: 87 modules, 297 connections
Info: limiter_update_transform: After transform: 87 modules, 299 connections
Info: merlin_interrupt_mapper_transform: After transform: 88 modules, 302 connections
Info: cpu: Starting RTL generation for module 'system_cpu'
Info: cpu:   Generation command is [exec C:/altera/12.1sp1/quartus/../ip/altera/nios2_ip/altera_nios2/eperl.exe -I C:/altera/12.1sp1/quartus/common/ip/altera/common/perl/5.8.3 -I C:/altera/12.1sp1/quartus/sopc_builder/bin/europa -I C:/altera/12.1sp1/quartus/sopc_builder/bin/perl_lib -I C:/altera/12.1sp1/quartus/sopc_builder/bin -I C:/altera/12.1sp1/quartus/../ip/altera/nios2_ip/altera_nios2/cpu_lib -I C:/altera/12.1sp1/quartus/../ip/altera/nios2_ip/altera_nios2/nios_lib -I C:/altera/12.1sp1/quartus/../ip/altera/nios2_ip/altera_nios2 -I C:/altera/12.1sp1/quartus/../ip/altera/nios2_ip/altera_nios2 -- C:/altera/12.1sp1/quartus/../ip/altera/nios2_ip/altera_nios2/generate_rtl.epl --name=system_cpu --dir=C:/Users/kigunda/AppData/Local/Temp/alt6131_1539373268340713587.dir/0001_cpu_gen/ --quartus_dir=C:/altera/12.1sp1/quartus --verilog --config=C:/Users/kigunda/AppData/Local/Temp/alt6131_1539373268340713587.dir/0001_cpu_gen//system_cpu_processor_configuration.pl  --do_build_sim=0    --bogus  ]
Info: cpu: # 2014.03.02 13:47:13 (*) Starting Nios II generation
Info: cpu: # 2014.03.02 13:47:13 (*)   Checking for plaintext license.
Info: cpu: # 2014.03.02 13:47:14 (*)   Couldn't query license setup in Quartus directory C:/altera/12.1sp1/quartus
Info: cpu: # 2014.03.02 13:47:14 (*)   Defaulting to contents of LM_LICENSE_FILE environment variable
Info: cpu: # 2014.03.02 13:47:14 (*)   Plaintext license not found.
Info: cpu: # 2014.03.02 13:47:14 (*)   Checking for encrypted license (non-evaluation).
Info: cpu: # 2014.03.02 13:47:14 (*)   Couldn't query license setup in Quartus directory C:/altera/12.1sp1/quartus
Info: cpu: # 2014.03.02 13:47:14 (*)   Defaulting to contents of LM_LICENSE_FILE environment variable
Info: cpu: # 2014.03.02 13:47:15 (*)   Encrypted license found.  SOF will not be time-limited.
Info: cpu: # 2014.03.02 13:47:15 (*)   Elaborating CPU configuration settings
Info: cpu: # 2014.03.02 13:47:15 (*)   Creating all objects for CPU
Info: cpu: # 2014.03.02 13:47:15 (*)     Testbench
Info: cpu: # 2014.03.02 13:47:15 (*)     Instruction decoding
Info: cpu: # 2014.03.02 13:47:15 (*)       Instruction fields
Info: cpu: # 2014.03.02 13:47:15 (*)       Instruction decodes
Info: cpu: # 2014.03.02 13:47:15 (*)       Signals for RTL simulation waveforms
Info: cpu: # 2014.03.02 13:47:16 (*)       Instruction controls
Info: cpu: # 2014.03.02 13:47:16 (*)     Pipeline frontend
Info: cpu: # 2014.03.02 13:47:16 (*)     Pipeline backend
Info: cpu: # 2014.03.02 13:47:18 (*)   Generating RTL from CPU objects
Info: cpu: # 2014.03.02 13:47:21 (*)   Creating encrypted RTL
Info: cpu: # 2014.03.02 13:47:22 (*) Done Nios II generation
Info: cpu: Done RTL generation for module 'system_cpu'
Info: cpu: "system" instantiated altera_nios2_qsys "cpu"
Info: sysid: "system" instantiated altera_avalon_sysid_qsys "sysid"
Info: Starting classic module elaboration.
"c:/altera/12.1sp1/quartus/bin/jre/bin/java.exe" -Xmx512M -classpath "c:/altera/12.1sp1/quartus/sopc_builder/bin/sopc_builder.jar;c:/altera/12.1sp1/quartus/sopc_builder/bin/PinAssigner.jar;c:/altera/12.1sp1/quartus/sopc_builder/bin/sopc_wizard.jar;c:/altera/12.1sp1/quartus/sopc_builder/bin/jptf.jar" sopc_builder.sopc_builder  -d"c:/altera/12.1sp1/quartus/sopc_builder" -notalkback=1 -projectnameyysystem.qpf -projectpathC:/Users/kigunda/AppData/Local/Temp/alt6131_1539373268340713587.dir/0003_sopclgen  --no_splash --refresh C:/Users/kigunda/AppData/Local/Temp/alt6131_1539373268340713587.dir/0003_sopclgen/yysystem.v --quartus_dir="c:/altera/12.1sp1/quartus" --sopc_perl="c:/altera/12.1sp1/quartus/bin/perl" --sopc_lib_path="++c:/altera/12.1sp1/quartus/../ip/altera/sopc_builder_ip+c:/altera/12.1sp1/quartus/../ip/altera/nios2_ip"
Info: Finished elaborating classic module.
Executing: C:/altera/12.1sp1/quartus//sopc_builder/bin/sopc_builder --classic --generate C:/Users/kigunda/AppData/Local/Temp/alt6131_1539373268340713587.dir/0003_sopclgen/yysystem.ptf
Info: Running sopc_builder...
      0 [main] perl 1092 child_info_fork::abort: C:\altera\12.1sp1\quartus\bin\cygwin\bin\cyggcc_s-1.dll: Loaded to different address: parent(0x3A0000) != child(0x320000)
      0 [main] perl 1516 child_info_fork::abort: C:\altera\12.1sp1\quartus\bin\cygwin\bin\cyggcc_s-1.dll: Loaded to different address: parent(0x3A0000) != child(0x320000)
      0 [main] perl 704 child_info_fork::abort: C:\altera\12.1sp1\quartus\bin\cygwin\bin\cyggcc_s-1.dll: Loaded to different address: parent(0x3A0000) != child(0x320000)
      0 [main] perl 1300 child_info_fork::abort: C:\altera\12.1sp1\quartus\bin\cygwin\bin\cyggcc_s-1.dll: Loaded to different address: parent(0x3A0000) != child(0x320000)
      0 [main] perl 3012 child_info_fork::abort: C:\altera\12.1sp1\quartus\bin\cygwin\bin\cyggcc_s-1.dll: Loaded to different address: parent(0x3A0000) != child(0x320000)
      0 [main] perl 3324 child_info_fork::abort: C:\altera\12.1sp1\quartus\bin\cygwin\bin\cyggcc_s-1.dll: Loaded to different address: parent(0x3A0000) != child(0x320000)
"c:/altera/12.1sp1/quartus/bin/jre/bin/java.exe" -Xmx512M -classpath "c:/altera/12.1sp1/quartus/sopc_builder/bin/sopc_builder.jar;c:/altera/12.1sp1/quartus/sopc_builder/bin/PinAssigner.jar;c:/altera/12.1sp1/quartus/sopc_builder/bin/sopc_wizard.jar;c:/altera/12.1sp1/quartus/sopc_builder/bin/jptf.jar" sopc_builder.sopc_builder  -d"c:/altera/12.1sp1/quartus/sopc_builder" -notalkback=1 -projectnameyysystem.qpf -projectpathC:/Users/kigunda/AppData/Local/Temp/alt6131_1539373268340713587.dir/0003_sopclgen  --generate C:/Users/kigunda/AppData/Local/Temp/alt6131_1539373268340713587.dir/0003_sopclgen/yysystem.v --quartus_dir="c:/altera/12.1sp1/quartus" --sopc_perl="c:/altera/12.1sp1/quartus/bin/perl" --sopc_lib_path="++c:/altera/12.1sp1/quartus/../ip/altera/sopc_builder_ip+c:/altera/12.1sp1/quartus/../ip/altera/nios2_ip"
      0 [main] perl 3496 child_info_fork::abort: C:\altera\12.1sp1\quartus\bin\cygwin\bin\cyggcc_s-1.dll: Loaded to different address: parent(0x3A0000) != child(0x320000)
      0 [main] perl 3556 child_info_fork::abort: C:\altera\12.1sp1\quartus\bin\cygwin\bin\cyggcc_s-1.dll: Loaded to different address: parent(0x3A0000) != child(0x320000)
      0 [main] perl 3924 child_info_fork::abort: C:\altera\12.1sp1\quartus\bin\cygwin\bin\cyggcc_s-1.dll: Loaded to different address: parent(0x3A0000) != child(0x2B0000)
      0 [main] perl 3636 child_info_fork::abort: C:\altera\12.1sp1\quartus\bin\cygwin\bin\cyggcc_s-1.dll: Loaded to different address: parent(0x3A0000) != child(0x320000)
      0 [main] perl 3128 child_info_fork::abort: C:\altera\12.1sp1\quartus\bin\cygwin\bin\cyggcc_s-1.dll: Loaded to different address: parent(0x3A0000) != child(0x320000)
      0 [main] perl 2800 child_info_fork::abort: C:\altera\12.1sp1\quartus\bin\cygwin\bin\cyggcc_s-1.dll: Loaded to different address: parent(0x3A0000) != child(0x320000)
      0 [main] perl 2472 child_info_fork::abort: C:\altera\12.1sp1\quartus\bin\cygwin\bin\cyggcc_s-1.dll: Loaded to different address: parent(0x3A0000) != child(0x2B0000)
      0 [main] perl 3772 child_info_fork::abort: C:\altera\12.1sp1\quartus\bin\cygwin\bin\cyggcc_s-1.dll: Loaded to different address: parent(0x3A0000) != child(0x320000)
      0 [main] perl 3656 child_info_fork::abort: C:\altera\12.1sp1\quartus\bin\cygwin\bin\cyggcc_s-1.dll: Loaded to different address: parent(0x3A0000) != child(0x320000)
      0 [main] perl 2788 child_info_fork::abort: C:\altera\12.1sp1\quartus\bin\cygwin\bin\cyggcc_s-1.dll: Loaded to different address: parent(0x3A0000) != child(0x320000)
      0 [main] perl 888 child_info_fork::abort: C:\altera\12.1sp1\quartus\bin\cygwin\bin\cyggcc_s-1.dll: Loaded to different address: parent(0x3A0000) != child(0x320000)
      0 [main] perl 1856 child_info_fork::abort: C:\altera\12.1sp1\quartus\bin\cygwin\bin\cyggcc_s-1.dll: Loaded to different address: parent(0x3A0000) != child(0x320000)
      0 [main] perl 1116 child_info_fork::abort: C:\altera\12.1sp1\quartus\bin\cygwin\bin\cyggcc_s-1.dll: Loaded to different address: parent(0x3A0000) != child(0x320000)
      0 [main] perl 3652 child_info_fork::abort: C:\altera\12.1sp1\quartus\bin\cygwin\bin\cyggcc_s-1.dll: Loaded to different address: parent(0x3A0000) != child(0x320000)
      0 [main] perl 2264 child_info_fork::abort: C:\altera\12.1sp1\quartus\bin\cygwin\bin\cyggcc_s-1.dll: Loaded to different address: parent(0x3A0000) != child(0x320000)
      0 [main] perl 3648 child_info_fork::abort: C:\altera\12.1sp1\quartus\bin\cygwin\bin\cyggcc_s-1.dll: Loaded to different address: parent(0x3A0000) != child(0x320000)
      0 [main] perl 1552 child_info_fork::abort: C:\altera\12.1sp1\quartus\bin\cygwin\bin\cyggcc_s-1.dll: Loaded to different address: parent(0x3A0000) != child(0x320000)
      0 [main] perl 3768 child_info_fork::abort: C:\altera\12.1sp1\quartus\bin\cygwin\bin\cyggcc_s-1.dll: Loaded to different address: parent(0x3A0000) != child(0x2B0000)
      0 [main] perl 3452 child_info_fork::abort: C:\altera\12.1sp1\quartus\bin\cygwin\bin\cyggcc_s-1.dll: Loaded to different address: parent(0x3A0000) != child(0x320000)
      0 [main] perl 2268 child_info_fork::abort: C:\altera\12.1sp1\quartus\bin\cygwin\bin\cyggcc_s-1.dll: Loaded to different address: parent(0x3A0000) != child(0x320000)
      0 [main] perl 1536 child_info_fork::abort: C:\altera\12.1sp1\quartus\bin\cygwin\bin\cyggcc_s-1.dll: Loaded to different address: parent(0x3A0000) != child(0x320000)
      0 [main] perl 3328 child_info_fork::abort: C:\altera\12.1sp1\quartus\bin\cygwin\bin\cyggcc_s-1.dll: Loaded to different address: parent(0x3A0000) != child(0x320000)
      0 [main] perl 3388 child_info_fork::abort: C:\altera\12.1sp1\quartus\bin\cygwin\bin\cyggcc_s-1.dll: Loaded to different address: parent(0x3A0000) != child(0x320000)
      0 [main] perl 2676 child_info_fork::abort: C:\altera\12.1sp1\quartus\bin\cygwin\bin\cyggcc_s-1.dll: Loaded to different address: parent(0x3A0000) != child(0x320000)
