Info: Starting: Create block symbol file (.bsf)
Info: ip-generate --project-directory=C:/Users/gongal/ARCapREPO/ARCap/ --output-directory=C:/Users/gongal/ARCapREPO/ARCap/system/ --report-file=bsf:C:/Users/gongal/ARCapREPO/ARCap/system.bsf --system-info=DEVICE_FAMILY="Cyclone IV E" --system-info=DEVICE=EP4CE22F17C6 --system-info=DEVICE_SPEEDGRADE=6 --component-file=C:/Users/gongal/ARCapREPO/ARCap/system.qsys
Progress: Loading ARCap/system.qsys
Progress: Reading input file
Progress: Adding clk_sys [clock_source 12.1]
Progress: Parameterizing module clk_sys
Progress: Adding cpu [altera_nios2_qsys 12.1]
Progress: Parameterizing module cpu
Progress: Adding sysid [altera_avalon_sysid_qsys 12.1]
Progress: Parameterizing module sysid
Progress: Adding sdram [altera_avalon_new_sdram_controller 12.1]
Progress: Parameterizing module sdram
Progress: Adding sys_clk_timer [altera_avalon_timer 12.1]
Progress: Parameterizing module sys_clk_timer
Progress: Adding pio_led [altera_avalon_pio 12.1]
Progress: Parameterizing module pio_led
Progress: Adding pio_key_left [altera_avalon_pio 12.1]
Progress: Parameterizing module pio_key_left
Progress: Adding pio_sw [altera_avalon_pio 12.1]
Progress: Parameterizing module pio_sw
Progress: Adding jtag_uart_0 [altera_avalon_jtag_uart 12.1]
Progress: Parameterizing module jtag_uart_0
Progress: Adding pio_ir_emitter [altera_avalon_pio 12.1]
Progress: Parameterizing module pio_ir_emitter
Progress: Adding adc [altera_up_avalon_de0_nano_adc 12.0]
Progress: Parameterizing module adc
Progress: Adding uart_wifi [altera_up_avalon_rs232 12.0]
Progress: Parameterizing module uart_wifi
Progress: Adding rs232_motor [altera_up_avalon_rs232 12.0]
Progress: Parameterizing module rs232_motor
Progress: Adding pio_motor_rst [altera_avalon_pio 12.1]
Progress: Parameterizing module pio_motor_rst
Progress: Building connections
Progress: Parameterizing connections
Progress: Validating
Progress: Done reading input file
Info: system.sysid: System ID is not assigned automatically. Edit the System ID parameter to provide a unique ID
Info: system.sysid: Time stamp will be automatically updated when this component is generated.
Info: system.pio_key_left: PIO inputs are not hardwired in test bench. Undefined values will be read from PIO inputs during simulation.
Info: system.pio_sw: PIO inputs are not hardwired in test bench. Undefined values will be read from PIO inputs during simulation.
Info: ip-generate succeeded.
Info: Finished: Create block symbol file (.bsf)
Info: 
Info: Starting: Create HDL design files for synthesis
Info: ip-generate --project-directory=C:/Users/gongal/ARCapREPO/ARCap/ --output-directory=C:/Users/gongal/ARCapREPO/ARCap/system/synthesis/ --file-set=QUARTUS_SYNTH --report-file=sopcinfo:C:/Users/gongal/ARCapREPO/ARCap/system.sopcinfo --report-file=html:C:/Users/gongal/ARCapREPO/ARCap/system.html --report-file=qip:C:/Users/gongal/ARCapREPO/ARCap/system/synthesis/system.qip --report-file=cmp:C:/Users/gongal/ARCapREPO/ARCap/system.cmp --system-info=DEVICE_FAMILY="Cyclone IV E" --system-info=DEVICE=EP4CE22F17C6 --system-info=DEVICE_SPEEDGRADE=6 --component-file=C:/Users/gongal/ARCapREPO/ARCap/system.qsys
Progress: Loading ARCap/system.qsys
Progress: Reading input file
Progress: Adding clk_sys [clock_source 12.1]
Progress: Parameterizing module clk_sys
Progress: Adding cpu [altera_nios2_qsys 12.1]
Progress: Parameterizing module cpu
Progress: Adding sysid [altera_avalon_sysid_qsys 12.1]
Progress: Parameterizing module sysid
Progress: Adding sdram [altera_avalon_new_sdram_controller 12.1]
Progress: Parameterizing module sdram
Progress: Adding sys_clk_timer [altera_avalon_timer 12.1]
Progress: Parameterizing module sys_clk_timer
Progress: Adding pio_led [altera_avalon_pio 12.1]
Progress: Parameterizing module pio_led
Progress: Adding pio_key_left [altera_avalon_pio 12.1]
Progress: Parameterizing module pio_key_left
Progress: Adding pio_sw [altera_avalon_pio 12.1]
Progress: Parameterizing module pio_sw
Progress: Adding jtag_uart_0 [altera_avalon_jtag_uart 12.1]
Progress: Parameterizing module jtag_uart_0
Progress: Adding pio_ir_emitter [altera_avalon_pio 12.1]
Progress: Parameterizing module pio_ir_emitter
Progress: Adding adc [altera_up_avalon_de0_nano_adc 12.0]
Progress: Parameterizing module adc
Progress: Adding uart_wifi [altera_up_avalon_rs232 12.0]
Progress: Parameterizing module uart_wifi
Progress: Adding rs232_motor [altera_up_avalon_rs232 12.0]
Progress: Parameterizing module rs232_motor
Progress: Adding pio_motor_rst [altera_avalon_pio 12.1]
Progress: Parameterizing module pio_motor_rst
Progress: Building connections
Progress: Parameterizing connections
Progress: Validating
Progress: Done reading input file
Info: system.sysid: System ID is not assigned automatically. Edit the System ID parameter to provide a unique ID
Info: system.sysid: Time stamp will be automatically updated when this component is generated.
Info: system.pio_key_left: PIO inputs are not hardwired in test bench. Undefined values will be read from PIO inputs during simulation.
Info: system.pio_sw: PIO inputs are not hardwired in test bench. Undefined values will be read from PIO inputs during simulation.
Info: system: Generating system "system" for QUARTUS_SYNTH
Info: pipeline_bridge_swap_transform: After transform: 14 modules, 59 connections
Info: No custom instruction connections, skipping transform 
Info: merlin_translator_transform: After transform: 29 modules, 119 connections
Info: merlin_domain_transform: After transform: 58 modules, 317 connections
Info: merlin_router_transform: After transform: 73 modules, 377 connections
Info: merlin_traffic_limiter_transform: After transform: 75 modules, 387 connections
Info: merlin_burst_transform: After transform: 76 modules, 391 connections
Info: reset_adaptation_transform: After transform: 77 modules, 305 connections
Info: merlin_network_to_switch_transform: After transform: 106 modules, 365 connections
Info: merlin_width_transform: After transform: 108 modules, 371 connections
Info: limiter_update_transform: After transform: 108 modules, 373 connections
Info: merlin_interrupt_mapper_transform: After transform: 109 modules, 376 connections
Info: cpu: Starting RTL generation for module 'system_cpu'
Info: cpu:   Generation command is [exec C:/altera/12.1sp1/quartus/../ip/altera/nios2_ip/altera_nios2/eperl.exe -I C:/altera/12.1sp1/quartus/common/ip/altera/common/perl/5.8.3 -I C:/altera/12.1sp1/quartus/sopc_builder/bin/europa -I C:/altera/12.1sp1/quartus/sopc_builder/bin/perl_lib -I C:/altera/12.1sp1/quartus/sopc_builder/bin -I C:/altera/12.1sp1/quartus/../ip/altera/nios2_ip/altera_nios2/cpu_lib -I C:/altera/12.1sp1/quartus/../ip/altera/nios2_ip/altera_nios2/nios_lib -I C:/altera/12.1sp1/quartus/../ip/altera/nios2_ip/altera_nios2 -I C:/altera/12.1sp1/quartus/../ip/altera/nios2_ip/altera_nios2 -- C:/altera/12.1sp1/quartus/../ip/altera/nios2_ip/altera_nios2/generate_rtl.epl --name=system_cpu --dir=C:/Users/gongal/AppData/Local/Temp/alt6150_2889827024511307532.dir/0028_cpu_gen/ --quartus_dir=C:/altera/12.1sp1/quartus --verilog --config=C:/Users/gongal/AppData/Local/Temp/alt6150_2889827024511307532.dir/0028_cpu_gen//system_cpu_processor_configuration.pl  --do_build_sim=0    --bogus  ]
Info: cpu: # 2014.03.21 13:20:45 (*) Starting Nios II generation
Info: cpu: # 2014.03.21 13:20:45 (*)   Checking for plaintext license.
Info: cpu: # 2014.03.21 13:20:45 (*)   Couldn't query license setup in Quartus directory C:/altera/12.1sp1/quartus
Info: cpu: # 2014.03.21 13:20:45 (*)   Defaulting to contents of LM_LICENSE_FILE environment variable
Info: cpu: # 2014.03.21 13:20:45 (*)   Plaintext license not found.
Info: cpu: # 2014.03.21 13:20:45 (*)   Checking for encrypted license (non-evaluation).
Info: cpu: # 2014.03.21 13:20:46 (*)   Couldn't query license setup in Quartus directory C:/altera/12.1sp1/quartus
Info: cpu: # 2014.03.21 13:20:46 (*)   Defaulting to contents of LM_LICENSE_FILE environment variable
Info: cpu: # 2014.03.21 13:20:46 (*)   Encrypted license found.  SOF will not be time-limited.
Info: cpu: # 2014.03.21 13:20:46 (*)   Elaborating CPU configuration settings
Info: cpu: # 2014.03.21 13:20:46 (*)   Creating all objects for CPU
Info: cpu: # 2014.03.21 13:20:46 (*)     Testbench
Info: cpu: # 2014.03.21 13:20:46 (*)     Instruction decoding
Info: cpu: # 2014.03.21 13:20:46 (*)       Instruction fields
Info: cpu: # 2014.03.21 13:20:46 (*)       Instruction decodes
Info: cpu: # 2014.03.21 13:20:47 (*)       Signals for RTL simulation waveforms
Info: cpu: # 2014.03.21 13:20:47 (*)       Instruction controls
Info: cpu: # 2014.03.21 13:20:47 (*)     Pipeline frontend
Info: cpu: # 2014.03.21 13:20:47 (*)     Pipeline backend
Info: cpu: # 2014.03.21 13:20:49 (*)   Generating RTL from CPU objects
Info: cpu: # 2014.03.21 13:20:52 (*)   Creating encrypted RTL
Info: cpu: # 2014.03.21 13:20:54 (*) Done Nios II generation
Info: cpu: Done RTL generation for module 'system_cpu'
Info: cpu: "system" instantiated altera_nios2_qsys "cpu"
Info: sysid: "system" instantiated altera_avalon_sysid_qsys "sysid"
Info: Starting classic module elaboration.
"c:/altera/12.1sp1/quartus/bin/jre/bin/java.exe" -Xmx512M -classpath "c:/altera/12.1sp1/quartus/sopc_builder/bin/sopc_builder.jar;c:/altera/12.1sp1/quartus/sopc_builder/bin/PinAssigner.jar;c:/altera/12.1sp1/quartus/sopc_builder/bin/sopc_wizard.jar;c:/altera/12.1sp1/quartus/sopc_builder/bin/jptf.jar" sopc_builder.sopc_builder  -d"c:/altera/12.1sp1/quartus/sopc_builder" -notalkback=1 -projectnameyysystem.qpf -projectpathC:/Users/gongal/AppData/Local/Temp/alt6150_2889827024511307532.dir/0030_sopclgen  --no_splash --refresh C:/Users/gongal/AppData/Local/Temp/alt6150_2889827024511307532.dir/0030_sopclgen/yysystem.v --quartus_dir="c:/altera/12.1sp1/quartus" --sopc_perl="c:/altera/12.1sp1/quartus/bin/perl" --sopc_lib_path="++c:/altera/12.1sp1/quartus/../ip/altera/sopc_builder_ip+c:/altera/12.1sp1/quartus/../ip/altera/nios2_ip"
Info: Finished elaborating classic module.
Executing: C:/altera/12.1sp1/quartus//sopc_builder/bin/sopc_builder --classic --generate C:/Users/gongal/AppData/Local/Temp/alt6150_2889827024511307532.dir/0030_sopclgen/yysystem.ptf
Info: Running sopc_builder...
"c:/altera/12.1sp1/quartus/bin/jre/bin/java.exe" -Xmx512M -classpath "c:/altera/12.1sp1/quartus/sopc_builder/bin/sopc_builder.jar;c:/altera/12.1sp1/quartus/sopc_builder/bin/PinAssigner.jar;c:/altera/12.1sp1/quartus/sopc_builder/bin/sopc_wizard.jar;c:/altera/12.1sp1/quartus/sopc_builder/bin/jptf.jar" sopc_builder.sopc_builder  -d"c:/altera/12.1sp1/quartus/sopc_builder" -notalkback=1 -projectnameyysystem.qpf -projectpathC:/Users/gongal/AppData/Local/Temp/alt6150_2889827024511307532.dir/0030_sopclgen  --generate C:/Users/gongal/AppData/Local/Temp/alt6150_2889827024511307532.dir/0030_sopclgen/yysystem.v --quartus_dir="c:/altera/12.1sp1/quartus" --sopc_perl="c:/altera/12.1sp1/quartus/bin/perl" --sopc_lib_path="++c:/altera/12.1sp1/quartus/../ip/altera/sopc_builder_ip+c:/altera/12.1sp1/quartus/../ip/altera/nios2_ip"
No .sopc_builder configuration file(!)
.
.
# 2014.03.21 13:20:58 (*) Running Test Generator Program for system_sdram
# 2014.03.21 13:20:59 (*) Success: sopc_builder finished.
Info: sdram: "system" instantiated altera_avalon_new_sdram_controller "sdram"
Info: Starting classic module elaboration.
"c:/altera/12.1sp1/quartus/bin/jre/bin/java.exe" -Xmx512M -classpath "c:/altera/12.1sp1/quartus/sopc_builder/bin/sopc_builder.jar;c:/altera/12.1sp1/quartus/sopc_builder/bin/PinAssigner.jar;c:/altera/12.1sp1/quartus/sopc_builder/bin/sopc_wizard.jar;c:/altera/12.1sp1/quartus/sopc_builder/bin/jptf.jar" sopc_builder.sopc_builder  -d"c:/altera/12.1sp1/quartus/sopc_builder" -notalkback=1 -projectnameyysystem.qpf -projectpathC:/Users/gongal/AppData/Local/Temp/alt6150_2889827024511307532.dir/0031_sopclgen  --no_splash --refresh C:/Users/gongal/AppData/Local/Temp/alt6150_2889827024511307532.dir/0031_sopclgen/yysystem.v --quartus_dir="c:/altera/12.1sp1/quartus" --sopc_perl="c:/altera/12.1sp1/quartus/bin/perl" --sopc_lib_path="++c:/altera/12.1sp1/quartus/../ip/altera/sopc_builder_ip+c:/altera/12.1sp1/quartus/../ip/altera/nios2_ip"
Info: Finished elaborating classic module.
Executing: C:/altera/12.1sp1/quartus//sopc_builder/bin/sopc_builder --classic --generate C:/Users/gongal/AppData/Local/Temp/alt6150_2889827024511307532.dir/0031_sopclgen/yysystem.ptf
Info: Running sopc_builder...
"c:/altera/12.1sp1/quartus/bin/jre/bin/java.exe" -Xmx512M -classpath "c:/altera/12.1sp1/quartus/sopc_builder/bin/sopc_builder.jar;c:/altera/12.1sp1/quartus/sopc_builder/bin/PinAssigner.jar;c:/altera/12.1sp1/quartus/sopc_builder/bin/sopc_wizard.jar;c:/altera/12.1sp1/quartus/sopc_builder/bin/jptf.jar" sopc_builder.sopc_builder  -d"c:/altera/12.1sp1/quartus/sopc_builder" -notalkback=1 -projectnameyysystem.qpf -projectpathC:/Users/gongal/AppData/Local/Temp/alt6150_2889827024511307532.dir/0031_sopclgen  --generate C:/Users/gongal/AppData/Local/Temp/alt6150_2889827024511307532.dir/0031_sopclgen/yysystem.v --quartus_dir="c:/altera/12.1sp1/quartus" --sopc_perl="c:/altera/12.1sp1/quartus/bin/perl" --sopc_lib_path="++c:/altera/12.1sp1/quartus/../ip/altera/sopc_builder_ip+c:/altera/12.1sp1/quartus/../ip/altera/nios2_ip"
No .sopc_builder configuration file(!)
.
# 2014.03.21 13:21:03 (*) Success: sopc_builder finished.
Info: sys_clk_timer: "system" instantiated altera_avalon_timer "sys_clk_timer"
Info: Starting classic module elaboration.
"c:/altera/12.1sp1/quartus/bin/jre/bin/java.exe" -Xmx512M -classpath "c:/altera/12.1sp1/quartus/sopc_builder/bin/sopc_builder.jar;c:/altera/12.1sp1/quartus/sopc_builder/bin/PinAssigner.jar;c:/altera/12.1sp1/quartus/sopc_builder/bin/sopc_wizard.jar;c:/altera/12.1sp1/quartus/sopc_builder/bin/jptf.jar" sopc_builder.sopc_builder  -d"c:/altera/12.1sp1/quartus/sopc_builder" -notalkback=1 -projectnameyysystem.qpf -projectpathC:/Users/gongal/AppData/Local/Temp/alt6150_2889827024511307532.dir/0032_sopclgen  --no_splash --refresh C:/Users/gongal/AppData/Local/Temp/alt6150_2889827024511307532.dir/0032_sopclgen/yysystem.v --quartus_dir="c:/altera/12.1sp1/quartus" --sopc_perl="c:/altera/12.1sp1/quartus/bin/perl" --sopc_lib_path="++c:/altera/12.1sp1/quartus/../ip/altera/sopc_builder_ip+c:/altera/12.1sp1/quartus/../ip/altera/nios2_ip"
Info: Finished elaborating classic module.
Executing: C:/altera/12.1sp1/quartus//sopc_builder/bin/sopc_builder --classic --generate C:/Users/gongal/AppData/Local/Temp/alt6150_2889827024511307532.dir/0032_sopclgen/yysystem.ptf
Info: Running sopc_builder...
"c:/altera/12.1sp1/quartus/bin/jre/bin/java.exe" -Xmx512M -classpath "c:/altera/12.1sp1/quartus/sopc_builder/bin/sopc_builder.jar;c:/altera/12.1sp1/quartus/sopc_builder/bin/PinAssigner.jar;c:/altera/12.1sp1/quartus/sopc_builder/bin/sopc_wizard.jar;c:/altera/12.1sp1/quartus/sopc_builder/bin/jptf.jar" sopc_builder.sopc_builder  -d"c:/altera/12.1sp1/quartus/sopc_builder" -notalkback=1 -projectnameyysystem.qpf -projectpathC:/Users/gongal/AppData/Local/Temp/alt6150_2889827024511307532.dir/0032_sopclgen  --generate C:/Users/gongal/AppData/Local/Temp/alt6150_2889827024511307532.dir/0032_sopclgen/yysystem.v --quartus_dir="c:/altera/12.1sp1/quartus" --sopc_perl="c:/altera/12.1sp1/quartus/bin/perl" --sopc_lib_path="++c:/altera/12.1sp1/quartus/../ip/altera/sopc_builder_ip+c:/altera/12.1sp1/quartus/../ip/altera/nios2_ip"
No .sopc_builder configuration file(!)
.
# 2014.03.21 13:21:07 (*) Success: sopc_builder finished.
Info: pio_led: "system" instantiated altera_avalon_pio "pio_led"
Info: Starting classic module elaboration.
"c:/altera/12.1sp1/quartus/bin/jre/bin/java.exe" -Xmx512M -classpath "c:/altera/12.1sp1/quartus/sopc_builder/bin/sopc_builder.jar;c:/altera/12.1sp1/quartus/sopc_builder/bin/PinAssigner.jar;c:/altera/12.1sp1/quartus/sopc_builder/bin/sopc_wizard.jar;c:/altera/12.1sp1/quartus/sopc_builder/bin/jptf.jar" sopc_builder.sopc_builder  -d"c:/altera/12.1sp1/quartus/sopc_builder" -notalkback=1 -projectnameyysystem.qpf -projectpathC:/Users/gongal/AppData/Local/Temp/alt6150_2889827024511307532.dir/0033_sopclgen  --no_splash --refresh C:/Users/gongal/AppData/Local/Temp/alt6150_2889827024511307532.dir/0033_sopclgen/yysystem.v --quartus_dir="c:/altera/12.1sp1/quartus" --sopc_perl="c:/altera/12.1sp1/quartus/bin/perl" --sopc_lib_path="++c:/altera/12.1sp1/quartus/../ip/altera/sopc_builder_ip+c:/altera/12.1sp1/quartus/../ip/altera/nios2_ip"
Info: Finished elaborating classic module.
Executing: C:/altera/12.1sp1/quartus//sopc_builder/bin/sopc_builder --classic --generate C:/Users/gongal/AppData/Local/Temp/alt6150_2889827024511307532.dir/0033_sopclgen/yysystem.ptf
Info: Running sopc_builder...
"c:/altera/12.1sp1/quartus/bin/jre/bin/java.exe" -Xmx512M -classpath "c:/altera/12.1sp1/quartus/sopc_builder/bin/sopc_builder.jar;c:/altera/12.1sp1/quartus/sopc_builder/bin/PinAssigner.jar;c:/altera/12.1sp1/quartus/sopc_builder/bin/sopc_wizard.jar;c:/altera/12.1sp1/quartus/sopc_builder/bin/jptf.jar" sopc_builder.sopc_builder  -d"c:/altera/12.1sp1/quartus/sopc_builder" -notalkback=1 -projectnameyysystem.qpf -projectpathC:/Users/gongal/AppData/Local/Temp/alt6150_2889827024511307532.dir/0033_sopclgen  --generate C:/Users/gongal/AppData/Local/Temp/alt6150_2889827024511307532.dir/0033_sopclgen/yysystem.v --quartus_dir="c:/altera/12.1sp1/quartus" --sopc_perl="c:/altera/12.1sp1/quartus/bin/perl" --sopc_lib_path="++c:/altera/12.1sp1/quartus/../ip/altera/sopc_builder_ip+c:/altera/12.1sp1/quartus/../ip/altera/nios2_ip"
No .sopc_builder configuration file(!)
.
# 2014.03.21 13:21:12 (*) Success: sopc_builder finished.
Info: pio_key_left: "system" instantiated altera_avalon_pio "pio_key_left"
Info: Starting classic module elaboration.
"c:/altera/12.1sp1/quartus/bin/jre/bin/java.exe" -Xmx512M -classpath "c:/altera/12.1sp1/quartus/sopc_builder/bin/sopc_builder.jar;c:/altera/12.1sp1/quartus/sopc_builder/bin/PinAssigner.jar;c:/altera/12.1sp1/quartus/sopc_builder/bin/sopc_wizard.jar;c:/altera/12.1sp1/quartus/sopc_builder/bin/jptf.jar" sopc_builder.sopc_builder  -d"c:/altera/12.1sp1/quartus/sopc_builder" -notalkback=1 -projectnameyysystem.qpf -projectpathC:/Users/gongal/AppData/Local/Temp/alt6150_2889827024511307532.dir/0034_sopclgen  --no_splash --refresh C:/Users/gongal/AppData/Local/Temp/alt6150_2889827024511307532.dir/0034_sopclgen/yysystem.v --quartus_dir="c:/altera/12.1sp1/quartus" --sopc_perl="c:/altera/12.1sp1/quartus/bin/perl" --sopc_lib_path="++c:/altera/12.1sp1/quartus/../ip/altera/sopc_builder_ip+c:/altera/12.1sp1/quartus/../ip/altera/nios2_ip"
Info: Finished elaborating classic module.
Executing: C:/altera/12.1sp1/quartus//sopc_builder/bin/sopc_builder --classic --generate C:/Users/gongal/AppData/Local/Temp/alt6150_2889827024511307532.dir/0034_sopclgen/yysystem.ptf
Info: Running sopc_builder...
"c:/altera/12.1sp1/quartus/bin/jre/bin/java.exe" -Xmx512M -classpath "c:/altera/12.1sp1/quartus/sopc_builder/bin/sopc_builder.jar;c:/altera/12.1sp1/quartus/sopc_builder/bin/PinAssigner.jar;c:/altera/12.1sp1/quartus/sopc_builder/bin/sopc_wizard.jar;c:/altera/12.1sp1/quartus/sopc_builder/bin/jptf.jar" sopc_builder.sopc_builder  -d"c:/altera/12.1sp1/quartus/sopc_builder" -notalkback=1 -projectnameyysystem.qpf -projectpathC:/Users/gongal/AppData/Local/Temp/alt6150_2889827024511307532.dir/0034_sopclgen  --generate C:/Users/gongal/AppData/Local/Temp/alt6150_2889827024511307532.dir/0034_sopclgen/yysystem.v --quartus_dir="c:/altera/12.1sp1/quartus" --sopc_perl="c:/altera/12.1sp1/quartus/bin/perl" --sopc_lib_path="++c:/altera/12.1sp1/quartus/../ip/altera/sopc_builder_ip+c:/altera/12.1sp1/quartus/../ip/altera/nios2_ip"
No .sopc_builder configuration file(!)
.
# 2014.03.21 13:21:16 (*) Success: sopc_builder finished.
Info: pio_sw: "system" instantiated altera_avalon_pio "pio_sw"
Info: Starting classic module elaboration.
"c:/altera/12.1sp1/quartus/bin/jre/bin/java.exe" -Xmx512M -classpath "c:/altera/12.1sp1/quartus/sopc_builder/bin/sopc_builder.jar;c:/altera/12.1sp1/quartus/sopc_builder/bin/PinAssigner.jar;c:/altera/12.1sp1/quartus/sopc_builder/bin/sopc_wizard.jar;c:/altera/12.1sp1/quartus/sopc_builder/bin/jptf.jar" sopc_builder.sopc_builder  -d"c:/altera/12.1sp1/quartus/sopc_builder" -notalkback=1 -projectnameyysystem.qpf -projectpathC:/Users/gongal/AppData/Local/Temp/alt6150_2889827024511307532.dir/0035_sopclgen  --no_splash --refresh C:/Users/gongal/AppData/Local/Temp/alt6150_2889827024511307532.dir/0035_sopclgen/yysystem.v --quartus_dir="c:/altera/12.1sp1/quartus" --sopc_perl="c:/altera/12.1sp1/quartus/bin/perl" --sopc_lib_path="++c:/altera/12.1sp1/quartus/../ip/altera/sopc_builder_ip+c:/altera/12.1sp1/quartus/../ip/altera/nios2_ip"
Info: Finished elaborating classic module.
Executing: C:/altera/12.1sp1/quartus//sopc_builder/bin/sopc_builder --classic --generate C:/Users/gongal/AppData/Local/Temp/alt6150_2889827024511307532.dir/0035_sopclgen/yysystem.ptf
Info: Running sopc_builder...
"c:/altera/12.1sp1/quartus/bin/jre/bin/java.exe" -Xmx512M -classpath "c:/altera/12.1sp1/quartus/sopc_builder/bin/sopc_builder.jar;c:/altera/12.1sp1/quartus/sopc_builder/bin/PinAssigner.jar;c:/altera/12.1sp1/quartus/sopc_builder/bin/sopc_wizard.jar;c:/altera/12.1sp1/quartus/sopc_builder/bin/jptf.jar" sopc_builder.sopc_builder  -d"c:/altera/12.1sp1/quartus/sopc_builder" -notalkback=1 -projectnameyysystem.qpf -projectpathC:/Users/gongal/AppData/Local/Temp/alt6150_2889827024511307532.dir/0035_sopclgen  --generate C:/Users/gongal/AppData/Local/Temp/alt6150_2889827024511307532.dir/0035_sopclgen/yysystem.v --quartus_dir="c:/altera/12.1sp1/quartus" --sopc_perl="c:/altera/12.1sp1/quartus/bin/perl" --sopc_lib_path="++c:/altera/12.1sp1/quartus/../ip/altera/sopc_builder_ip+c:/altera/12.1sp1/quartus/../ip/altera/nios2_ip"
No .sopc_builder configuration file(!)
.
# 2014.03.21 13:21:20 (*) Success: sopc_builder finished.
Info: jtag_uart_0: "system" instantiated altera_avalon_jtag_uart "jtag_uart_0"
Info: Starting classic module elaboration.
"c:/altera/12.1sp1/quartus/bin/jre/bin/java.exe" -Xmx512M -classpath "c:/altera/12.1sp1/quartus/sopc_builder/bin/sopc_builder.jar;c:/altera/12.1sp1/quartus/sopc_builder/bin/PinAssigner.jar;c:/altera/12.1sp1/quartus/sopc_builder/bin/sopc_wizard.jar;c:/altera/12.1sp1/quartus/sopc_builder/bin/jptf.jar" sopc_builder.sopc_builder  -d"c:/altera/12.1sp1/quartus/sopc_builder" -notalkback=1 -projectnameyysystem.qpf -projectpathC:/Users/gongal/AppData/Local/Temp/alt6150_2889827024511307532.dir/0036_sopclgen  --no_splash --refresh C:/Users/gongal/AppData/Local/Temp/alt6150_2889827024511307532.dir/0036_sopclgen/yysystem.v --quartus_dir="c:/altera/12.1sp1/quartus" --sopc_perl="c:/altera/12.1sp1/quartus/bin/perl" --sopc_lib_path="++c:/altera/12.1sp1/quartus/../ip/altera/sopc_builder_ip+c:/altera/12.1sp1/quartus/../ip/altera/nios2_ip"
Info: Finished elaborating classic module.
Executing: C:/altera/12.1sp1/quartus//sopc_builder/bin/sopc_builder --classic --generate C:/Users/gongal/AppData/Local/Temp/alt6150_2889827024511307532.dir/0036_sopclgen/yysystem.ptf
Info: Running sopc_builder...
"c:/altera/12.1sp1/quartus/bin/jre/bin/java.exe" -Xmx512M -classpath "c:/altera/12.1sp1/quartus/sopc_builder/bin/sopc_builder.jar;c:/altera/12.1sp1/quartus/sopc_builder/bin/PinAssigner.jar;c:/altera/12.1sp1/quartus/sopc_builder/bin/sopc_wizard.jar;c:/altera/12.1sp1/quartus/sopc_builder/bin/jptf.jar" sopc_builder.sopc_builder  -d"c:/altera/12.1sp1/quartus/sopc_builder" -notalkback=1 -projectnameyysystem.qpf -projectpathC:/Users/gongal/AppData/Local/Temp/alt6150_2889827024511307532.dir/0036_sopclgen  --generate C:/Users/gongal/AppData/Local/Temp/alt6150_2889827024511307532.dir/0036_sopclgen/yysystem.v --quartus_dir="c:/altera/12.1sp1/quartus" --sopc_perl="c:/altera/12.1sp1/quartus/bin/perl" --sopc_lib_path="++c:/altera/12.1sp1/quartus/../ip/altera/sopc_builder_ip+c:/altera/12.1sp1/quartus/../ip/altera/nios2_ip"
No .sopc_builder configuration file(!)
.
# 2014.03.21 13:21:24 (*) Success: sopc_builder finished.
Info: pio_ir_emitter: "system" instantiated altera_avalon_pio "pio_ir_emitter"
Info: adc: Starting Generation of DE0-Nano ADC Controller
Info: adc: C:/altera/12.1sp1/ip/University_Program/Input_Output/altera_up_avalon_de0_nano_adc/hdl/adv_adc.v C:/Users/gongal/AppData/Local/Temp/alt6150_2889827024511307532.dir/0037_sopcgen/system_adc.v
Warning: adc: Parameter tsclk has hdl_parameter = false but parameter exists on the HDL
Warning: adc: Parameter numch has hdl_parameter = false but parameter exists on the HDL
Info: adc: "system" instantiated altera_up_avalon_de0_nano_adc "adc"
Info: uart_wifi: Starting Generation of RS232 UART
Info: uart_wifi: "system" instantiated altera_up_avalon_rs232 "uart_wifi"
Info: Starting classic module elaboration.
"c:/altera/12.1sp1/quartus/bin/jre/bin/java.exe" -Xmx512M -classpath "c:/altera/12.1sp1/quartus/sopc_builder/bin/sopc_builder.jar;c:/altera/12.1sp1/quartus/sopc_builder/bin/PinAssigner.jar;c:/altera/12.1sp1/quartus/sopc_builder/bin/sopc_wizard.jar;c:/altera/12.1sp1/quartus/sopc_builder/bin/jptf.jar" sopc_builder.sopc_builder  -d"c:/altera/12.1sp1/quartus/sopc_builder" -notalkback=1 -projectnameyysystem.qpf -projectpathC:/Users/gongal/AppData/Local/Temp/alt6150_2889827024511307532.dir/0040_sopclgen  --no_splash --refresh C:/Users/gongal/AppData/Local/Temp/alt6150_2889827024511307532.dir/0040_sopclgen/yysystem.v --quartus_dir="c:/altera/12.1sp1/quartus" --sopc_perl="c:/altera/12.1sp1/quartus/bin/perl" --sopc_lib_path="++c:/altera/12.1sp1/quartus/../ip/altera/sopc_builder_ip+c:/altera/12.1sp1/quartus/../ip/altera/nios2_ip"
Info: Finished elaborating classic module.
Executing: C:/altera/12.1sp1/quartus//sopc_builder/bin/sopc_builder --classic --generate C:/Users/gongal/AppData/Local/Temp/alt6150_2889827024511307532.dir/0040_sopclgen/yysystem.ptf
Info: Running sopc_builder...
"c:/altera/12.1sp1/quartus/bin/jre/bin/java.exe" -Xmx512M -classpath "c:/altera/12.1sp1/quartus/sopc_builder/bin/sopc_builder.jar;c:/altera/12.1sp1/quartus/sopc_builder/bin/PinAssigner.jar;c:/altera/12.1sp1/quartus/sopc_builder/bin/sopc_wizard.jar;c:/altera/12.1sp1/quartus/sopc_builder/bin/jptf.jar" sopc_builder.sopc_builder  -d"c:/altera/12.1sp1/quartus/sopc_builder" -notalkback=1 -projectnameyysystem.qpf -projectpathC:/Users/gongal/AppData/Local/Temp/alt6150_2889827024511307532.dir/0040_sopclgen  --generate C:/Users/gongal/AppData/Local/Temp/alt6150_2889827024511307532.dir/0040_sopclgen/yysystem.v --quartus_dir="c:/altera/12.1sp1/quartus" --sopc_perl="c:/altera/12.1sp1/quartus/bin/perl" --sopc_lib_path="++c:/altera/12.1sp1/quartus/../ip/altera/sopc_builder_ip+c:/altera/12.1sp1/quartus/../ip/altera/nios2_ip"
No .sopc_builder configuration file(!)
.
# 2014.03.21 13:21:30 (*) Success: sopc_builder finished.
Info: pio_motor_rst: "system" instantiated altera_avalon_pio "pio_motor_rst"
Info: cpu_instruction_master_translator: "system" instantiated altera_merlin_master_translator "cpu_instruction_master_translator"
Info: cpu_jtag_debug_module_translator: "system" instantiated altera_merlin_slave_translator "cpu_jtag_debug_module_translator"
Info: cpu_instruction_master_translator_avalon_universal_master_0_agent: "system" instantiated altera_merlin_master_agent "cpu_instruction_master_translator_avalon_universal_master_0_agent"
Info: cpu_jtag_debug_module_translator_avalon_universal_slave_0_agent: "system" instantiated altera_merlin_slave_agent "cpu_jtag_debug_module_translator_avalon_universal_slave_0_agent"
Info: cpu_jtag_debug_module_translator_avalon_universal_slave_0_agent_rsp_fifo: "system" instantiated altera_avalon_sc_fifo "cpu_jtag_debug_module_translator_avalon_universal_slave_0_agent_rsp_fifo"
Info: addr_router: "system" instantiated altera_merlin_router "addr_router"
Info: addr_router_001: "system" instantiated altera_merlin_router "addr_router_001"
Info: id_router: "system" instantiated altera_merlin_router "id_router"
Info: id_router_001: "system" instantiated altera_merlin_router "id_router_001"
Info: id_router_002: "system" instantiated altera_merlin_router "id_router_002"
Info: limiter: "system" instantiated altera_merlin_traffic_limiter "limiter"
Info: burst_adapter: "system" instantiated altera_merlin_burst_adapter "burst_adapter"
Info: rst_controller: "system" instantiated altera_reset_controller "rst_controller"
Info: cmd_xbar_demux: "system" instantiated altera_merlin_demultiplexer "cmd_xbar_demux"
Info: cmd_xbar_demux_001: "system" instantiated altera_merlin_demultiplexer "cmd_xbar_demux_001"
Info: cmd_xbar_mux: "system" instantiated altera_merlin_multiplexer "cmd_xbar_mux"
Info: rsp_xbar_demux: "system" instantiated altera_merlin_demultiplexer "rsp_xbar_demux"
Info: rsp_xbar_demux_002: "system" instantiated altera_merlin_demultiplexer "rsp_xbar_demux_002"
Info: rsp_xbar_mux: "system" instantiated altera_merlin_multiplexer "rsp_xbar_mux"
Info: Reusing file C:/Users/gongal/ARCapREPO/ARCap/system/synthesis/submodules/altera_merlin_arbitrator.sv
Info: rsp_xbar_mux_001: "system" instantiated altera_merlin_multiplexer "rsp_xbar_mux_001"
Info: Reusing file C:/Users/gongal/ARCapREPO/ARCap/system/synthesis/submodules/altera_merlin_arbitrator.sv
Info: width_adapter: "system" instantiated altera_merlin_width_adapter "width_adapter"
Info: Reusing file C:/Users/gongal/ARCapREPO/ARCap/system/synthesis/submodules/altera_merlin_burst_uncompressor.sv
Info: Reusing file C:/Users/gongal/ARCapREPO/ARCap/system/synthesis/submodules/altera_merlin_address_alignment.sv
Info: irq_mapper: "system" instantiated altera_irq_mapper "irq_mapper"
Info: system: Done system" with 35 modules, 146 files, 2838755 bytes
Info: ip-generate succeeded.
Info: Finished: Create HDL design files for synthesis
