Info: Starting: Create block symbol file (.bsf)
Info: ip-generate --project-directory=C:/Users/gongal/ARCap/Repository/InfraredProtoDE2/ --output-directory=C:/Users/gongal/ARCap/Repository/InfraredProtoDE2/niosII_system/ --report-file=bsf:C:/Users/gongal/ARCap/Repository/InfraredProtoDE2/niosII_system.bsf --system-info=DEVICE_FAMILY="Cyclone II" --system-info=DEVICE=EP2C35F672C6 --system-info=DEVICE_SPEEDGRADE=6 --component-file=C:/Users/gongal/ARCap/Repository/InfraredProtoDE2/niosII_system.qsys
Progress: Loading InfraredProtoDE2/niosII_system.qsys
Progress: Reading input file
Progress: Adding clk_0 [clock_source 12.1]
Progress: Parameterizing module clk_0
Progress: Adding nios2_qsys_0 [altera_nios2_qsys 12.1]
Progress: Parameterizing module nios2_qsys_0
Progress: Adding onchip_memory2_0 [altera_avalon_onchip_memory2 12.1]
Progress: Parameterizing module onchip_memory2_0
Progress: Adding timer_0 [altera_avalon_timer 12.1]
Progress: Parameterizing module timer_0
Progress: Adding sysid_qsys_0 [altera_avalon_sysid_qsys 12.1]
Progress: Parameterizing module sysid_qsys_0
Progress: Adding jtag_uart_0 [altera_avalon_jtag_uart 12.1]
Progress: Parameterizing module jtag_uart_0
Progress: Adding character_lcd_0 [altera_up_avalon_character_lcd 12.0]
Progress: Parameterizing module character_lcd_0
Progress: Adding green_leds [altera_avalon_pio 12.1]
Progress: Parameterizing module green_leds
Progress: Adding sram_0 [altera_up_avalon_sram 12.0]
Progress: Parameterizing module sram_0
Progress: Adding ir_pushbutton [altera_avalon_pio 12.1]
Progress: Parameterizing module ir_pushbutton
Progress: Adding ir_emitter [altera_avalon_pio 12.1]
Progress: Parameterizing module ir_emitter
Progress: Adding altpll_0 [altpll 12.1]
Progress: Parameterizing module altpll_0
Progress: Adding sdram_0 [altera_avalon_new_sdram_controller 12.1]
Progress: Parameterizing module sdram_0
Progress: Building connections
Progress: Parameterizing connections
Progress: Validating
Progress: Done reading input file
Info: niosII_system.onchip_memory2_0: Memory will be initialized from onchip_memory2_0.hex
Info: niosII_system.sysid_qsys_0: System ID is not assigned automatically. Edit the System ID parameter to provide a unique ID
Info: niosII_system.sysid_qsys_0: Time stamp will be automatically updated when this component is generated.
Info: niosII_system.ir_pushbutton: PIO inputs are not hardwired in test bench. Undefined values will be read from PIO inputs during simulation.
Warning: niosII_system.altpll_0: altpll_0.areset_conduit must be exported, or connected to a matching conduit.
Warning: niosII_system.altpll_0: altpll_0.locked_conduit must be exported, or connected to a matching conduit.
Warning: niosII_system.altpll_0: altpll_0.phasedone_conduit must be exported, or connected to a matching conduit.
Info: ip-generate succeeded.
Info: Finished: Create block symbol file (.bsf)
Info: 
Info: Starting: Create HDL design files for synthesis
Info: ip-generate --project-directory=C:/Users/gongal/ARCap/Repository/InfraredProtoDE2/ --output-directory=C:/Users/gongal/ARCap/Repository/InfraredProtoDE2/niosII_system/synthesis/ --file-set=QUARTUS_SYNTH --report-file=sopcinfo:C:/Users/gongal/ARCap/Repository/InfraredProtoDE2/niosII_system.sopcinfo --report-file=html:C:/Users/gongal/ARCap/Repository/InfraredProtoDE2/niosII_system.html --report-file=qip:C:/Users/gongal/ARCap/Repository/InfraredProtoDE2/niosII_system/synthesis/niosII_system.qip --report-file=cmp:C:/Users/gongal/ARCap/Repository/InfraredProtoDE2/niosII_system.cmp --system-info=DEVICE_FAMILY="Cyclone II" --system-info=DEVICE=EP2C35F672C6 --system-info=DEVICE_SPEEDGRADE=6 --component-file=C:/Users/gongal/ARCap/Repository/InfraredProtoDE2/niosII_system.qsys
Progress: Loading InfraredProtoDE2/niosII_system.qsys
Progress: Reading input file
Progress: Adding clk_0 [clock_source 12.1]
Progress: Parameterizing module clk_0
Progress: Adding nios2_qsys_0 [altera_nios2_qsys 12.1]
Progress: Parameterizing module nios2_qsys_0
Progress: Adding onchip_memory2_0 [altera_avalon_onchip_memory2 12.1]
Progress: Parameterizing module onchip_memory2_0
Progress: Adding timer_0 [altera_avalon_timer 12.1]
Progress: Parameterizing module timer_0
Progress: Adding sysid_qsys_0 [altera_avalon_sysid_qsys 12.1]
Progress: Parameterizing module sysid_qsys_0
Progress: Adding jtag_uart_0 [altera_avalon_jtag_uart 12.1]
Progress: Parameterizing module jtag_uart_0
Progress: Adding character_lcd_0 [altera_up_avalon_character_lcd 12.0]
Progress: Parameterizing module character_lcd_0
Progress: Adding green_leds [altera_avalon_pio 12.1]
Progress: Parameterizing module green_leds
Progress: Adding sram_0 [altera_up_avalon_sram 12.0]
Progress: Parameterizing module sram_0
Progress: Adding ir_pushbutton [altera_avalon_pio 12.1]
Progress: Parameterizing module ir_pushbutton
Progress: Adding ir_emitter [altera_avalon_pio 12.1]
Progress: Parameterizing module ir_emitter
Progress: Adding altpll_0 [altpll 12.1]
Progress: Parameterizing module altpll_0
Progress: Adding sdram_0 [altera_avalon_new_sdram_controller 12.1]
Progress: Parameterizing module sdram_0
Progress: Building connections
Progress: Parameterizing connections
Progress: Validating
Progress: Done reading input file
Info: niosII_system.onchip_memory2_0: Memory will be initialized from onchip_memory2_0.hex
Info: niosII_system.sysid_qsys_0: System ID is not assigned automatically. Edit the System ID parameter to provide a unique ID
Info: niosII_system.sysid_qsys_0: Time stamp will be automatically updated when this component is generated.
Info: niosII_system.ir_pushbutton: PIO inputs are not hardwired in test bench. Undefined values will be read from PIO inputs during simulation.
Warning: niosII_system.altpll_0: altpll_0.areset_conduit must be exported, or connected to a matching conduit.
Warning: niosII_system.altpll_0: altpll_0.locked_conduit must be exported, or connected to a matching conduit.
Warning: niosII_system.altpll_0: altpll_0.phasedone_conduit must be exported, or connected to a matching conduit.
Info: niosII_system: Generating niosII_system "niosII_system" for QUARTUS_SYNTH
Info: pipeline_bridge_swap_transform: After transform: 13 modules, 55 connections
Info: No custom instruction connections, skipping transform 
Info: merlin_translator_transform: After transform: 27 modules, 111 connections
Info: merlin_domain_transform: After transform: 55 modules, 297 connections
Info: merlin_router_transform: After transform: 69 modules, 353 connections
Info: merlin_burst_transform: After transform: 72 modules, 365 connections
Info: reset_adaptation_transform: After transform: 74 modules, 287 connections
Info: merlin_network_to_switch_transform: After transform: 101 modules, 347 connections
Info: merlin_width_transform: After transform: 107 modules, 365 connections
Info: Inserting clock-crossing logic between cmd_xbar_demux_001.src11 and cmd_xbar_mux_011.sink0
Info: Inserting clock-crossing logic between rsp_xbar_demux_011.src0 and rsp_xbar_mux_001.sink11
Info: com_altera_sopcmodel_transforms_avalon_ClockCrossingTransform: After transform: 109 modules, 375 connections
Info: merlin_interrupt_mapper_transform: After transform: 110 modules, 378 connections
Info: nios2_qsys_0: Starting RTL generation for module 'niosII_system_nios2_qsys_0'
Info: nios2_qsys_0:   Generation command is [exec C:/altera/12.1sp1/quartus/../ip/altera/nios2_ip/altera_nios2/eperl.exe -I C:/altera/12.1sp1/quartus/common/ip/altera/common/perl/5.8.3 -I C:/altera/12.1sp1/quartus/sopc_builder/bin/europa -I C:/altera/12.1sp1/quartus/sopc_builder/bin/perl_lib -I C:/altera/12.1sp1/quartus/sopc_builder/bin -I C:/altera/12.1sp1/quartus/../ip/altera/nios2_ip/altera_nios2/cpu_lib -I C:/altera/12.1sp1/quartus/../ip/altera/nios2_ip/altera_nios2/nios_lib -I C:/altera/12.1sp1/quartus/../ip/altera/nios2_ip/altera_nios2 -I C:/altera/12.1sp1/quartus/../ip/altera/nios2_ip/altera_nios2 -- C:/altera/12.1sp1/quartus/../ip/altera/nios2_ip/altera_nios2/generate_rtl.epl --name=niosII_system_nios2_qsys_0 --dir=C:/Users/gongal/AppData/Local/Temp/alt6111_1074973406165440836.dir/0001_nios2_qsys_0_gen/ --quartus_dir=C:/altera/12.1sp1/quartus --verilog --config=C:/Users/gongal/AppData/Local/Temp/alt6111_1074973406165440836.dir/0001_nios2_qsys_0_gen//niosII_system_nios2_qsys_0_processor_configuration.pl  --do_build_sim=0    --bogus  ]
Info: nios2_qsys_0: # 2014.02.09 18:07:21 (*) Starting Nios II generation
Info: nios2_qsys_0: # 2014.02.09 18:07:21 (*)   Checking for plaintext license.
Info: nios2_qsys_0: # 2014.02.09 18:07:22 (*)   Couldn't query license setup in Quartus directory C:/altera/12.1sp1/quartus
Info: nios2_qsys_0: # 2014.02.09 18:07:22 (*)   Defaulting to contents of LM_LICENSE_FILE environment variable
Info: nios2_qsys_0: # 2014.02.09 18:07:22 (*)   Plaintext license not found.
Info: nios2_qsys_0: # 2014.02.09 18:07:22 (*)   No license required to generate encrypted Nios II/e.
Info: nios2_qsys_0: # 2014.02.09 18:07:22 (*)   Elaborating CPU configuration settings
Info: nios2_qsys_0: # 2014.02.09 18:07:22 (*)   Creating all objects for CPU
Info: nios2_qsys_0: # 2014.02.09 18:07:23 (*)   Generating RTL from CPU objects
Info: nios2_qsys_0: # 2014.02.09 18:07:23 (*)   Creating plain-text RTL
Info: nios2_qsys_0: # 2014.02.09 18:07:25 (*) Done Nios II generation
Info: nios2_qsys_0: Done RTL generation for module 'niosII_system_nios2_qsys_0'
Info: nios2_qsys_0: "niosII_system" instantiated altera_nios2_qsys "nios2_qsys_0"
Info: Starting classic module elaboration.
"c:/altera/12.1sp1/quartus/bin/jre/bin/java.exe" -Xmx512M -classpath "c:/altera/12.1sp1/quartus/sopc_builder/bin/sopc_builder.jar;c:/altera/12.1sp1/quartus/sopc_builder/bin/PinAssigner.jar;c:/altera/12.1sp1/quartus/sopc_builder/bin/sopc_wizard.jar;c:/altera/12.1sp1/quartus/sopc_builder/bin/jptf.jar" sopc_builder.sopc_builder  -d"c:/altera/12.1sp1/quartus/sopc_builder" -notalkback=1 -projectnameyysystem.qpf -projectpathC:/Users/gongal/AppData/Local/Temp/alt6111_1074973406165440836.dir/0002_sopclgen  --no_splash --refresh C:/Users/gongal/AppData/Local/Temp/alt6111_1074973406165440836.dir/0002_sopclgen/yysystem.v --quartus_dir="c:/altera/12.1sp1/quartus" --sopc_perl="c:/altera/12.1sp1/quartus/bin/perl" --sopc_lib_path="++c:/altera/12.1sp1/quartus/../ip/altera/sopc_builder_ip+c:/altera/12.1sp1/quartus/../ip/altera/nios2_ip"
Info: Finished elaborating classic module.
Executing: C:/altera/12.1sp1/quartus//sopc_builder/bin/sopc_builder --classic --generate C:/Users/gongal/AppData/Local/Temp/alt6111_1074973406165440836.dir/0002_sopclgen/yysystem.ptf
Info: Running sopc_builder...
"c:/altera/12.1sp1/quartus/bin/jre/bin/java.exe" -Xmx512M -classpath "c:/altera/12.1sp1/quartus/sopc_builder/bin/sopc_builder.jar;c:/altera/12.1sp1/quartus/sopc_builder/bin/PinAssigner.jar;c:/altera/12.1sp1/quartus/sopc_builder/bin/sopc_wizard.jar;c:/altera/12.1sp1/quartus/sopc_builder/bin/jptf.jar" sopc_builder.sopc_builder  -d"c:/altera/12.1sp1/quartus/sopc_builder" -notalkback=1 -projectnameyysystem.qpf -projectpathC:/Users/gongal/AppData/Local/Temp/alt6111_1074973406165440836.dir/0002_sopclgen  --generate C:/Users/gongal/AppData/Local/Temp/alt6111_1074973406165440836.dir/0002_sopclgen/yysystem.v --quartus_dir="c:/altera/12.1sp1/quartus" --sopc_perl="c:/altera/12.1sp1/quartus/bin/perl" --sopc_lib_path="++c:/altera/12.1sp1/quartus/../ip/altera/sopc_builder_ip+c:/altera/12.1sp1/quartus/../ip/altera/nios2_ip"
No .sopc_builder configuration file(!)
.
# 2014.02.09 18:07:29 (*) Success: sopc_builder finished.
Info: onchip_memory2_0: "niosII_system" instantiated altera_avalon_onchip_memory2 "onchip_memory2_0"
Info: Starting classic module elaboration.
"c:/altera/12.1sp1/quartus/bin/jre/bin/java.exe" -Xmx512M -classpath "c:/altera/12.1sp1/quartus/sopc_builder/bin/sopc_builder.jar;c:/altera/12.1sp1/quartus/sopc_builder/bin/PinAssigner.jar;c:/altera/12.1sp1/quartus/sopc_builder/bin/sopc_wizard.jar;c:/altera/12.1sp1/quartus/sopc_builder/bin/jptf.jar" sopc_builder.sopc_builder  -d"c:/altera/12.1sp1/quartus/sopc_builder" -notalkback=1 -projectnameyysystem.qpf -projectpathC:/Users/gongal/AppData/Local/Temp/alt6111_1074973406165440836.dir/0003_sopclgen  --no_splash --refresh C:/Users/gongal/AppData/Local/Temp/alt6111_1074973406165440836.dir/0003_sopclgen/yysystem.v --quartus_dir="c:/altera/12.1sp1/quartus" --sopc_perl="c:/altera/12.1sp1/quartus/bin/perl" --sopc_lib_path="++c:/altera/12.1sp1/quartus/../ip/altera/sopc_builder_ip+c:/altera/12.1sp1/quartus/../ip/altera/nios2_ip"
Info: Finished elaborating classic module.
Executing: C:/altera/12.1sp1/quartus//sopc_builder/bin/sopc_builder --classic --generate C:/Users/gongal/AppData/Local/Temp/alt6111_1074973406165440836.dir/0003_sopclgen/yysystem.ptf
Info: Running sopc_builder...
"c:/altera/12.1sp1/quartus/bin/jre/bin/java.exe" -Xmx512M -classpath "c:/altera/12.1sp1/quartus/sopc_builder/bin/sopc_builder.jar;c:/altera/12.1sp1/quartus/sopc_builder/bin/PinAssigner.jar;c:/altera/12.1sp1/quartus/sopc_builder/bin/sopc_wizard.jar;c:/altera/12.1sp1/quartus/sopc_builder/bin/jptf.jar" sopc_builder.sopc_builder  -d"c:/altera/12.1sp1/quartus/sopc_builder" -notalkback=1 -projectnameyysystem.qpf -projectpathC:/Users/gongal/AppData/Local/Temp/alt6111_1074973406165440836.dir/0003_sopclgen  --generate C:/Users/gongal/AppData/Local/Temp/alt6111_1074973406165440836.dir/0003_sopclgen/yysystem.v --quartus_dir="c:/altera/12.1sp1/quartus" --sopc_perl="c:/altera/12.1sp1/quartus/bin/perl" --sopc_lib_path="++c:/altera/12.1sp1/quartus/../ip/altera/sopc_builder_ip+c:/altera/12.1sp1/quartus/../ip/altera/nios2_ip"
No .sopc_builder configuration file(!)
.
# 2014.02.09 18:07:34 (*) Success: sopc_builder finished.
Info: timer_0: "niosII_system" instantiated altera_avalon_timer "timer_0"
Info: sysid_qsys_0: "niosII_system" instantiated altera_avalon_sysid_qsys "sysid_qsys_0"
Info: Starting classic module elaboration.
"c:/altera/12.1sp1/quartus/bin/jre/bin/java.exe" -Xmx512M -classpath "c:/altera/12.1sp1/quartus/sopc_builder/bin/sopc_builder.jar;c:/altera/12.1sp1/quartus/sopc_builder/bin/PinAssigner.jar;c:/altera/12.1sp1/quartus/sopc_builder/bin/sopc_wizard.jar;c:/altera/12.1sp1/quartus/sopc_builder/bin/jptf.jar" sopc_builder.sopc_builder  -d"c:/altera/12.1sp1/quartus/sopc_builder" -notalkback=1 -projectnameyysystem.qpf -projectpathC:/Users/gongal/AppData/Local/Temp/alt6111_1074973406165440836.dir/0005_sopclgen  --no_splash --refresh C:/Users/gongal/AppData/Local/Temp/alt6111_1074973406165440836.dir/0005_sopclgen/yysystem.v --quartus_dir="c:/altera/12.1sp1/quartus" --sopc_perl="c:/altera/12.1sp1/quartus/bin/perl" --sopc_lib_path="++c:/altera/12.1sp1/quartus/../ip/altera/sopc_builder_ip+c:/altera/12.1sp1/quartus/../ip/altera/nios2_ip"
Info: Finished elaborating classic module.
Executing: C:/altera/12.1sp1/quartus//sopc_builder/bin/sopc_builder --classic --generate C:/Users/gongal/AppData/Local/Temp/alt6111_1074973406165440836.dir/0005_sopclgen/yysystem.ptf
Info: Running sopc_builder...
"c:/altera/12.1sp1/quartus/bin/jre/bin/java.exe" -Xmx512M -classpath "c:/altera/12.1sp1/quartus/sopc_builder/bin/sopc_builder.jar;c:/altera/12.1sp1/quartus/sopc_builder/bin/PinAssigner.jar;c:/altera/12.1sp1/quartus/sopc_builder/bin/sopc_wizard.jar;c:/altera/12.1sp1/quartus/sopc_builder/bin/jptf.jar" sopc_builder.sopc_builder  -d"c:/altera/12.1sp1/quartus/sopc_builder" -notalkback=1 -projectnameyysystem.qpf -projectpathC:/Users/gongal/AppData/Local/Temp/alt6111_1074973406165440836.dir/0005_sopclgen  --generate C:/Users/gongal/AppData/Local/Temp/alt6111_1074973406165440836.dir/0005_sopclgen/yysystem.v --quartus_dir="c:/altera/12.1sp1/quartus" --sopc_perl="c:/altera/12.1sp1/quartus/bin/perl" --sopc_lib_path="++c:/altera/12.1sp1/quartus/../ip/altera/sopc_builder_ip+c:/altera/12.1sp1/quartus/../ip/altera/nios2_ip"
No .sopc_builder configuration file(!)
.
# 2014.02.09 18:07:38 (*) Success: sopc_builder finished.
Info: jtag_uart_0: "niosII_system" instantiated altera_avalon_jtag_uart "jtag_uart_0"
Info: character_lcd_0: Starting Generation of Character LCD
Info: character_lcd_0: "niosII_system" instantiated altera_up_avalon_character_lcd "character_lcd_0"
Info: Starting classic module elaboration.
"c:/altera/12.1sp1/quartus/bin/jre/bin/java.exe" -Xmx512M -classpath "c:/altera/12.1sp1/quartus/sopc_builder/bin/sopc_builder.jar;c:/altera/12.1sp1/quartus/sopc_builder/bin/PinAssigner.jar;c:/altera/12.1sp1/quartus/sopc_builder/bin/sopc_wizard.jar;c:/altera/12.1sp1/quartus/sopc_builder/bin/jptf.jar" sopc_builder.sopc_builder  -d"c:/altera/12.1sp1/quartus/sopc_builder" -notalkback=1 -projectnameyysystem.qpf -projectpathC:/Users/gongal/AppData/Local/Temp/alt6111_1074973406165440836.dir/0007_sopclgen  --no_splash --refresh C:/Users/gongal/AppData/Local/Temp/alt6111_1074973406165440836.dir/0007_sopclgen/yysystem.v --quartus_dir="c:/altera/12.1sp1/quartus" --sopc_perl="c:/altera/12.1sp1/quartus/bin/perl" --sopc_lib_path="++c:/altera/12.1sp1/quartus/../ip/altera/sopc_builder_ip+c:/altera/12.1sp1/quartus/../ip/altera/nios2_ip"
Info: Finished elaborating classic module.
Executing: C:/altera/12.1sp1/quartus//sopc_builder/bin/sopc_builder --classic --generate C:/Users/gongal/AppData/Local/Temp/alt6111_1074973406165440836.dir/0007_sopclgen/yysystem.ptf
Info: Running sopc_builder...
"c:/altera/12.1sp1/quartus/bin/jre/bin/java.exe" -Xmx512M -classpath "c:/altera/12.1sp1/quartus/sopc_builder/bin/sopc_builder.jar;c:/altera/12.1sp1/quartus/sopc_builder/bin/PinAssigner.jar;c:/altera/12.1sp1/quartus/sopc_builder/bin/sopc_wizard.jar;c:/altera/12.1sp1/quartus/sopc_builder/bin/jptf.jar" sopc_builder.sopc_builder  -d"c:/altera/12.1sp1/quartus/sopc_builder" -notalkback=1 -projectnameyysystem.qpf -projectpathC:/Users/gongal/AppData/Local/Temp/alt6111_1074973406165440836.dir/0007_sopclgen  --generate C:/Users/gongal/AppData/Local/Temp/alt6111_1074973406165440836.dir/0007_sopclgen/yysystem.v --quartus_dir="c:/altera/12.1sp1/quartus" --sopc_perl="c:/altera/12.1sp1/quartus/bin/perl" --sopc_lib_path="++c:/altera/12.1sp1/quartus/../ip/altera/sopc_builder_ip+c:/altera/12.1sp1/quartus/../ip/altera/nios2_ip"
No .sopc_builder configuration file(!)
.
# 2014.02.09 18:07:42 (*) Success: sopc_builder finished.
Info: green_leds: "niosII_system" instantiated altera_avalon_pio "green_leds"
Info: sram_0: Starting Generation of SRAM or SSRAM Controller
Info: sram_0: "niosII_system" instantiated altera_up_avalon_sram "sram_0"
Info: Starting classic module elaboration.
"c:/altera/12.1sp1/quartus/bin/jre/bin/java.exe" -Xmx512M -classpath "c:/altera/12.1sp1/quartus/sopc_builder/bin/sopc_builder.jar;c:/altera/12.1sp1/quartus/sopc_builder/bin/PinAssigner.jar;c:/altera/12.1sp1/quartus/sopc_builder/bin/sopc_wizard.jar;c:/altera/12.1sp1/quartus/sopc_builder/bin/jptf.jar" sopc_builder.sopc_builder  -d"c:/altera/12.1sp1/quartus/sopc_builder" -notalkback=1 -projectnameyysystem.qpf -projectpathC:/Users/gongal/AppData/Local/Temp/alt6111_1074973406165440836.dir/0009_sopclgen  --no_splash --refresh C:/Users/gongal/AppData/Local/Temp/alt6111_1074973406165440836.dir/0009_sopclgen/yysystem.v --quartus_dir="c:/altera/12.1sp1/quartus" --sopc_perl="c:/altera/12.1sp1/quartus/bin/perl" --sopc_lib_path="++c:/altera/12.1sp1/quartus/../ip/altera/sopc_builder_ip+c:/altera/12.1sp1/quartus/../ip/altera/nios2_ip"
Info: Finished elaborating classic module.
Executing: C:/altera/12.1sp1/quartus//sopc_builder/bin/sopc_builder --classic --generate C:/Users/gongal/AppData/Local/Temp/alt6111_1074973406165440836.dir/0009_sopclgen/yysystem.ptf
Info: Running sopc_builder...
"c:/altera/12.1sp1/quartus/bin/jre/bin/java.exe" -Xmx512M -classpath "c:/altera/12.1sp1/quartus/sopc_builder/bin/sopc_builder.jar;c:/altera/12.1sp1/quartus/sopc_builder/bin/PinAssigner.jar;c:/altera/12.1sp1/quartus/sopc_builder/bin/sopc_wizard.jar;c:/altera/12.1sp1/quartus/sopc_builder/bin/jptf.jar" sopc_builder.sopc_builder  -d"c:/altera/12.1sp1/quartus/sopc_builder" -notalkback=1 -projectnameyysystem.qpf -projectpathC:/Users/gongal/AppData/Local/Temp/alt6111_1074973406165440836.dir/0009_sopclgen  --generate C:/Users/gongal/AppData/Local/Temp/alt6111_1074973406165440836.dir/0009_sopclgen/yysystem.v --quartus_dir="c:/altera/12.1sp1/quartus" --sopc_perl="c:/altera/12.1sp1/quartus/bin/perl" --sopc_lib_path="++c:/altera/12.1sp1/quartus/../ip/altera/sopc_builder_ip+c:/altera/12.1sp1/quartus/../ip/altera/nios2_ip"
No .sopc_builder configuration file(!)
.
# 2014.02.09 18:07:46 (*) Success: sopc_builder finished.
Info: ir_pushbutton: "niosII_system" instantiated altera_avalon_pio "ir_pushbutton"
Info: Starting classic module elaboration.
"c:/altera/12.1sp1/quartus/bin/jre/bin/java.exe" -Xmx512M -classpath "c:/altera/12.1sp1/quartus/sopc_builder/bin/sopc_builder.jar;c:/altera/12.1sp1/quartus/sopc_builder/bin/PinAssigner.jar;c:/altera/12.1sp1/quartus/sopc_builder/bin/sopc_wizard.jar;c:/altera/12.1sp1/quartus/sopc_builder/bin/jptf.jar" sopc_builder.sopc_builder  -d"c:/altera/12.1sp1/quartus/sopc_builder" -notalkback=1 -projectnameyysystem.qpf -projectpathC:/Users/gongal/AppData/Local/Temp/alt6111_1074973406165440836.dir/0010_sopclgen  --no_splash --refresh C:/Users/gongal/AppData/Local/Temp/alt6111_1074973406165440836.dir/0010_sopclgen/yysystem.v --quartus_dir="c:/altera/12.1sp1/quartus" --sopc_perl="c:/altera/12.1sp1/quartus/bin/perl" --sopc_lib_path="++c:/altera/12.1sp1/quartus/../ip/altera/sopc_builder_ip+c:/altera/12.1sp1/quartus/../ip/altera/nios2_ip"
Info: Finished elaborating classic module.
Executing: C:/altera/12.1sp1/quartus//sopc_builder/bin/sopc_builder --classic --generate C:/Users/gongal/AppData/Local/Temp/alt6111_1074973406165440836.dir/0010_sopclgen/yysystem.ptf
Info: Running sopc_builder...
"c:/altera/12.1sp1/quartus/bin/jre/bin/java.exe" -Xmx512M -classpath "c:/altera/12.1sp1/quartus/sopc_builder/bin/sopc_builder.jar;c:/altera/12.1sp1/quartus/sopc_builder/bin/PinAssigner.jar;c:/altera/12.1sp1/quartus/sopc_builder/bin/sopc_wizard.jar;c:/altera/12.1sp1/quartus/sopc_builder/bin/jptf.jar" sopc_builder.sopc_builder  -d"c:/altera/12.1sp1/quartus/sopc_builder" -notalkback=1 -projectnameyysystem.qpf -projectpathC:/Users/gongal/AppData/Local/Temp/alt6111_1074973406165440836.dir/0010_sopclgen  --generate C:/Users/gongal/AppData/Local/Temp/alt6111_1074973406165440836.dir/0010_sopclgen/yysystem.v --quartus_dir="c:/altera/12.1sp1/quartus" --sopc_perl="c:/altera/12.1sp1/quartus/bin/perl" --sopc_lib_path="++c:/altera/12.1sp1/quartus/../ip/altera/sopc_builder_ip+c:/altera/12.1sp1/quartus/../ip/altera/nios2_ip"
No .sopc_builder configuration file(!)
.
# 2014.02.09 18:07:51 (*) Success: sopc_builder finished.
Info: ir_emitter: "niosII_system" instantiated altera_avalon_pio "ir_emitter"
Info: altpll_0: "niosII_system" instantiated altpll "altpll_0"
Info: Starting classic module elaboration.
"c:/altera/12.1sp1/quartus/bin/jre/bin/java.exe" -Xmx512M -classpath "c:/altera/12.1sp1/quartus/sopc_builder/bin/sopc_builder.jar;c:/altera/12.1sp1/quartus/sopc_builder/bin/PinAssigner.jar;c:/altera/12.1sp1/quartus/sopc_builder/bin/sopc_wizard.jar;c:/altera/12.1sp1/quartus/sopc_builder/bin/jptf.jar" sopc_builder.sopc_builder  -d"c:/altera/12.1sp1/quartus/sopc_builder" -notalkback=1 -projectnameyysystem.qpf -projectpathC:/Users/gongal/AppData/Local/Temp/alt6111_1074973406165440836.dir/0013_sopclgen  --no_splash --refresh C:/Users/gongal/AppData/Local/Temp/alt6111_1074973406165440836.dir/0013_sopclgen/yysystem.v --quartus_dir="c:/altera/12.1sp1/quartus" --sopc_perl="c:/altera/12.1sp1/quartus/bin/perl" --sopc_lib_path="++c:/altera/12.1sp1/quartus/../ip/altera/sopc_builder_ip+c:/altera/12.1sp1/quartus/../ip/altera/nios2_ip"
Info: Finished elaborating classic module.
Executing: C:/altera/12.1sp1/quartus//sopc_builder/bin/sopc_builder --classic --generate C:/Users/gongal/AppData/Local/Temp/alt6111_1074973406165440836.dir/0013_sopclgen/yysystem.ptf
Info: Running sopc_builder...
"c:/altera/12.1sp1/quartus/bin/jre/bin/java.exe" -Xmx512M -classpath "c:/altera/12.1sp1/quartus/sopc_builder/bin/sopc_builder.jar;c:/altera/12.1sp1/quartus/sopc_builder/bin/PinAssigner.jar;c:/altera/12.1sp1/quartus/sopc_builder/bin/sopc_wizard.jar;c:/altera/12.1sp1/quartus/sopc_builder/bin/jptf.jar" sopc_builder.sopc_builder  -d"c:/altera/12.1sp1/quartus/sopc_builder" -notalkback=1 -projectnameyysystem.qpf -projectpathC:/Users/gongal/AppData/Local/Temp/alt6111_1074973406165440836.dir/0013_sopclgen  --generate C:/Users/gongal/AppData/Local/Temp/alt6111_1074973406165440836.dir/0013_sopclgen/yysystem.v --quartus_dir="c:/altera/12.1sp1/quartus" --sopc_perl="c:/altera/12.1sp1/quartus/bin/perl" --sopc_lib_path="++c:/altera/12.1sp1/quartus/../ip/altera/sopc_builder_ip+c:/altera/12.1sp1/quartus/../ip/altera/nios2_ip"
No .sopc_builder configuration file(!)
.
.
# 2014.02.09 18:07:56 (*) Running Test Generator Program for niosII_system_sdram_0
# 2014.02.09 18:07:57 (*) Success: sopc_builder finished.
Info: sdram_0: "niosII_system" instantiated altera_avalon_new_sdram_controller "sdram_0"
Info: nios2_qsys_0_instruction_master_translator: "niosII_system" instantiated altera_merlin_master_translator "nios2_qsys_0_instruction_master_translator"
Info: nios2_qsys_0_jtag_debug_module_translator: "niosII_system" instantiated altera_merlin_slave_translator "nios2_qsys_0_jtag_debug_module_translator"
Info: nios2_qsys_0_instruction_master_translator_avalon_universal_master_0_agent: "niosII_system" instantiated altera_merlin_master_agent "nios2_qsys_0_instruction_master_translator_avalon_universal_master_0_agent"
Info: nios2_qsys_0_jtag_debug_module_translator_avalon_universal_slave_0_agent: "niosII_system" instantiated altera_merlin_slave_agent "nios2_qsys_0_jtag_debug_module_translator_avalon_universal_slave_0_agent"
Info: nios2_qsys_0_jtag_debug_module_translator_avalon_universal_slave_0_agent_rsp_fifo: "niosII_system" instantiated altera_avalon_sc_fifo "nios2_qsys_0_jtag_debug_module_translator_avalon_universal_slave_0_agent_rsp_fifo"
Info: addr_router: "niosII_system" instantiated altera_merlin_router "addr_router"
Info: addr_router_001: "niosII_system" instantiated altera_merlin_router "addr_router_001"
Info: id_router: "niosII_system" instantiated altera_merlin_router "id_router"
Info: id_router_002: "niosII_system" instantiated altera_merlin_router "id_router_002"
Info: id_router_004: "niosII_system" instantiated altera_merlin_router "id_router_004"
Info: id_router_006: "niosII_system" instantiated altera_merlin_router "id_router_006"
Info: burst_adapter: "niosII_system" instantiated altera_merlin_burst_adapter "burst_adapter"
Info: rst_controller: "niosII_system" instantiated altera_reset_controller "rst_controller"
Info: cmd_xbar_demux: "niosII_system" instantiated altera_merlin_demultiplexer "cmd_xbar_demux"
Info: cmd_xbar_demux_001: "niosII_system" instantiated altera_merlin_demultiplexer "cmd_xbar_demux_001"
Info: cmd_xbar_mux: "niosII_system" instantiated altera_merlin_multiplexer "cmd_xbar_mux"
Info: rsp_xbar_demux: "niosII_system" instantiated altera_merlin_demultiplexer "rsp_xbar_demux"
Info: rsp_xbar_demux_004: "niosII_system" instantiated altera_merlin_demultiplexer "rsp_xbar_demux_004"
Info: rsp_xbar_mux: "niosII_system" instantiated altera_merlin_multiplexer "rsp_xbar_mux"
Info: Reusing file C:/Users/gongal/ARCap/Repository/InfraredProtoDE2/niosII_system/synthesis/submodules/altera_merlin_arbitrator.sv
Info: rsp_xbar_mux_001: "niosII_system" instantiated altera_merlin_multiplexer "rsp_xbar_mux_001"
Info: Reusing file C:/Users/gongal/ARCap/Repository/InfraredProtoDE2/niosII_system/synthesis/submodules/altera_merlin_arbitrator.sv
Info: width_adapter: "niosII_system" instantiated altera_merlin_width_adapter "width_adapter"
Info: Reusing file C:/Users/gongal/ARCap/Repository/InfraredProtoDE2/niosII_system/synthesis/submodules/altera_merlin_burst_uncompressor.sv
Info: Reusing file C:/Users/gongal/ARCap/Repository/InfraredProtoDE2/niosII_system/synthesis/submodules/altera_merlin_address_alignment.sv
Info: crosser: "niosII_system" instantiated altera_avalon_st_handshake_clock_crosser "crosser"
Info: irq_mapper: "niosII_system" instantiated altera_irq_mapper "irq_mapper"
Info: niosII_system: Done niosII_system" with 36 modules, 154 files, 3084973 bytes
Info: ip-generate succeeded.
Info: Finished: Create HDL design files for synthesis
