Info: Starting: Create block symbol file (.bsf)
Info: ip-generate --project-directory=C:/Users/gongal/Desktop/DE0-nano-HD/ --output-directory=C:/Users/gongal/Desktop/DE0-nano-HD/system/ --report-file=bsf:C:/Users/gongal/Desktop/DE0-nano-HD/system.bsf --system-info=DEVICE_FAMILY="Cyclone IV E" --system-info=DEVICE=EP4CE22F17C6 --system-info=DEVICE_SPEEDGRADE=6 --component-file=C:/Users/gongal/Desktop/DE0-nano-HD/system.qsys
Progress: Loading DE0-nano-HD/system.qsys
Progress: Reading input file
Progress: Adding clk_sys [clock_source 12.1]
Progress: Parameterizing module clk_sys
Progress: Adding cpu [altera_nios2_qsys 12.1]
Progress: Parameterizing module cpu
Progress: Adding sysid [altera_avalon_sysid_qsys 12.1]
Progress: Parameterizing module sysid
Progress: Adding sdram [altera_avalon_new_sdram_controller 12.1]
Progress: Parameterizing module sdram
Progress: Adding epcs_flash_controller [altera_avalon_epcs_flash_controller 12.1]
Progress: Parameterizing module epcs_flash_controller
Progress: Adding sys_clk_timer [altera_avalon_timer 12.1]
Progress: Parameterizing module sys_clk_timer
Progress: Adding uart_0 [altera_avalon_uart 12.1]
Progress: Parameterizing module uart_0
Progress: Adding pio_led_green [altera_avalon_pio 12.1]
Progress: Parameterizing module pio_led_green
Progress: Adding pio_key [altera_avalon_pio 12.1]
Progress: Parameterizing module pio_key
Progress: Adding pio_sw [altera_avalon_pio 12.1]
Progress: Parameterizing module pio_sw
Progress: Adding spi_0 [altera_avalon_spi 12.1]
Progress: Parameterizing module spi_0
Progress: Adding pio_vscodec [altera_avalon_pio 12.1]
Progress: Parameterizing module pio_vscodec
Progress: Adding pio_int3 [altera_avalon_pio 12.1]
Progress: Parameterizing module pio_int3
Progress: Building connections
Progress: Parameterizing connections
Progress: Validating
Progress: Done reading input file
Info: system.sysid: System ID is not assigned automatically. Edit the System ID parameter to provide a unique ID
Info: system.sysid: Time stamp will be automatically updated when this component is generated.
Info: system.pio_key: PIO inputs are not hardwired in test bench. Undefined values will be read from PIO inputs during simulation.
Info: system.pio_sw: PIO inputs are not hardwired in test bench. Undefined values will be read from PIO inputs during simulation.
Info: system.pio_int3: PIO inputs are not hardwired in test bench. Undefined values will be read from PIO inputs during simulation.
Info: ip-generate succeeded.
Info: Finished: Create block symbol file (.bsf)
Info: 
Info: Starting: Create HDL design files for synthesis
Info: ip-generate --project-directory=C:/Users/gongal/Desktop/DE0-nano-HD/ --output-directory=C:/Users/gongal/Desktop/DE0-nano-HD/system/synthesis/ --file-set=QUARTUS_SYNTH --report-file=sopcinfo:C:/Users/gongal/Desktop/DE0-nano-HD/system.sopcinfo --report-file=html:C:/Users/gongal/Desktop/DE0-nano-HD/system.html --report-file=qip:C:/Users/gongal/Desktop/DE0-nano-HD/system/synthesis/system.qip --report-file=cmp:C:/Users/gongal/Desktop/DE0-nano-HD/system.cmp --system-info=DEVICE_FAMILY="Cyclone IV E" --system-info=DEVICE=EP4CE22F17C6 --system-info=DEVICE_SPEEDGRADE=6 --component-file=C:/Users/gongal/Desktop/DE0-nano-HD/system.qsys
Progress: Loading DE0-nano-HD/system.qsys
Progress: Reading input file
Progress: Adding clk_sys [clock_source 12.1]
Progress: Parameterizing module clk_sys
Progress: Adding cpu [altera_nios2_qsys 12.1]
Progress: Parameterizing module cpu
Progress: Adding sysid [altera_avalon_sysid_qsys 12.1]
Progress: Parameterizing module sysid
Progress: Adding sdram [altera_avalon_new_sdram_controller 12.1]
Progress: Parameterizing module sdram
Progress: Adding epcs_flash_controller [altera_avalon_epcs_flash_controller 12.1]
Progress: Parameterizing module epcs_flash_controller
Progress: Adding sys_clk_timer [altera_avalon_timer 12.1]
Progress: Parameterizing module sys_clk_timer
Progress: Adding uart_0 [altera_avalon_uart 12.1]
Progress: Parameterizing module uart_0
Progress: Adding pio_led_green [altera_avalon_pio 12.1]
Progress: Parameterizing module pio_led_green
Progress: Adding pio_key [altera_avalon_pio 12.1]
Progress: Parameterizing module pio_key
Progress: Adding pio_sw [altera_avalon_pio 12.1]
Progress: Parameterizing module pio_sw
Progress: Adding spi_0 [altera_avalon_spi 12.1]
Progress: Parameterizing module spi_0
Progress: Adding pio_vscodec [altera_avalon_pio 12.1]
Progress: Parameterizing module pio_vscodec
Progress: Adding pio_int3 [altera_avalon_pio 12.1]
Progress: Parameterizing module pio_int3
Progress: Building connections
Progress: Parameterizing connections
Progress: Validating
Progress: Done reading input file
Info: system.sysid: System ID is not assigned automatically. Edit the System ID parameter to provide a unique ID
Info: system.sysid: Time stamp will be automatically updated when this component is generated.
Info: system.pio_key: PIO inputs are not hardwired in test bench. Undefined values will be read from PIO inputs during simulation.
Info: system.pio_sw: PIO inputs are not hardwired in test bench. Undefined values will be read from PIO inputs during simulation.
Info: system.pio_int3: PIO inputs are not hardwired in test bench. Undefined values will be read from PIO inputs during simulation.
Info: system: Generating system "system" for QUARTUS_SYNTH
Info: pipeline_bridge_swap_transform: After transform: 13 modules, 55 connections
Info: No custom instruction connections, skipping transform 
Info: merlin_translator_transform: After transform: 27 modules, 111 connections
Info: merlin_domain_transform: After transform: 54 modules, 295 connections
Info: merlin_router_transform: After transform: 68 modules, 351 connections
Info: merlin_traffic_limiter_transform: After transform: 70 modules, 361 connections
Info: merlin_burst_transform: After transform: 71 modules, 365 connections
Info: reset_adaptation_transform: After transform: 72 modules, 285 connections
Info: merlin_network_to_switch_transform: After transform: 99 modules, 341 connections
Info: merlin_width_transform: After transform: 101 modules, 347 connections
Info: limiter_update_transform: After transform: 101 modules, 349 connections
Info: merlin_interrupt_mapper_transform: After transform: 102 modules, 352 connections
Warning: system: "No matching role found for epcs_flash_controller:epcs_control_port:endofpacket (endofpacket)"
Warning: system: "No matching role found for epcs_flash_controller:epcs_control_port:dataavailable (dataavailable)"
Warning: system: "No matching role found for epcs_flash_controller:epcs_control_port:readyfordata (readyfordata)"
Warning: system: "No matching role found for uart_0:s1:dataavailable (dataavailable)"
Warning: system: "No matching role found for uart_0:s1:readyfordata (readyfordata)"
Info: cpu: Starting RTL generation for module 'system_cpu'
Info: cpu:   Generation command is [exec C:/altera/12.1sp1/quartus/../ip/altera/nios2_ip/altera_nios2/eperl.exe -I C:/altera/12.1sp1/quartus/common/ip/altera/common/perl/5.8.3 -I C:/altera/12.1sp1/quartus/sopc_builder/bin/europa -I C:/altera/12.1sp1/quartus/sopc_builder/bin/perl_lib -I C:/altera/12.1sp1/quartus/sopc_builder/bin -I C:/altera/12.1sp1/quartus/../ip/altera/nios2_ip/altera_nios2/cpu_lib -I C:/altera/12.1sp1/quartus/../ip/altera/nios2_ip/altera_nios2/nios_lib -I C:/altera/12.1sp1/quartus/../ip/altera/nios2_ip/altera_nios2 -I C:/altera/12.1sp1/quartus/../ip/altera/nios2_ip/altera_nios2 -- C:/altera/12.1sp1/quartus/../ip/altera/nios2_ip/altera_nios2/generate_rtl.epl --name=system_cpu --dir=C:/Users/gongal/AppData/Local/Temp/alt6114_8155995218952929961.dir/0001_cpu_gen/ --quartus_dir=C:/altera/12.1sp1/quartus --verilog --config=C:/Users/gongal/AppData/Local/Temp/alt6114_8155995218952929961.dir/0001_cpu_gen//system_cpu_processor_configuration.pl  --do_build_sim=0    --bogus  ]
Info: cpu: # 2014.02.13 10:58:06 (*) Starting Nios II generation
Info: cpu: # 2014.02.13 10:58:06 (*)   Checking for plaintext license.
Info: cpu: # 2014.02.13 10:58:06 (*)   Couldn't query license setup in Quartus directory C:/altera/12.1sp1/quartus
Info: cpu: # 2014.02.13 10:58:06 (*)   Defaulting to contents of LM_LICENSE_FILE environment variable
Info: cpu: # 2014.02.13 10:58:06 (*)   Plaintext license not found.
Info: cpu: # 2014.02.13 10:58:06 (*)   Checking for encrypted license (non-evaluation).
Info: cpu: # 2014.02.13 10:58:07 (*)   Couldn't query license setup in Quartus directory C:/altera/12.1sp1/quartus
Info: cpu: # 2014.02.13 10:58:07 (*)   Defaulting to contents of LM_LICENSE_FILE environment variable
Info: cpu: # 2014.02.13 10:58:07 (*)   Encrypted license found.  SOF will not be time-limited.
Info: cpu: # 2014.02.13 10:58:07 (*)   Elaborating CPU configuration settings
Info: cpu: # 2014.02.13 10:58:07 (*)   Creating all objects for CPU
Info: cpu: # 2014.02.13 10:58:07 (*)     Testbench
Info: cpu: # 2014.02.13 10:58:07 (*)     Instruction decoding
Info: cpu: # 2014.02.13 10:58:07 (*)       Instruction fields
Info: cpu: # 2014.02.13 10:58:07 (*)       Instruction decodes
Info: cpu: # 2014.02.13 10:58:08 (*)       Signals for RTL simulation waveforms
Info: cpu: # 2014.02.13 10:58:08 (*)       Instruction controls
Info: cpu: # 2014.02.13 10:58:08 (*)     Pipeline frontend
Info: cpu: # 2014.02.13 10:58:08 (*)     Pipeline backend
Info: cpu: # 2014.02.13 10:58:10 (*)   Generating RTL from CPU objects
Info: cpu: # 2014.02.13 10:58:13 (*)   Creating encrypted RTL
Info: cpu: # 2014.02.13 10:58:15 (*) Done Nios II generation
Info: cpu: Done RTL generation for module 'system_cpu'
Info: cpu: "system" instantiated altera_nios2_qsys "cpu"
Info: sysid: "system" instantiated altera_avalon_sysid_qsys "sysid"
Info: Starting classic module elaboration.
cygwin warning:
  MS-DOS style path detected: C:/altera/12.1sp1/quartus/sopc_builder/bin/nios_sh
  Preferred POSIX equivalent is: /cygdrive/c/altera/12.1sp1/quartus/sopc_builder/bin/nios_sh
  CYGWIN environment variable option "nodosfilewarning" turns off this warning.
  Consult the user's guide for more details about POSIX paths:
    http://cygwin.com/cygwin-ug-net/using.html#using-pathnames
"c:/altera/12.1sp1/quartus/bin/jre/bin/java.exe" -Xmx512M -classpath "c:/altera/12.1sp1/quartus/sopc_builder/bin/sopc_builder.jar;c:/altera/12.1sp1/quartus/sopc_builder/bin/PinAssigner.jar;c:/altera/12.1sp1/quartus/sopc_builder/bin/sopc_wizard.jar;c:/altera/12.1sp1/quartus/sopc_builder/bin/jptf.jar" sopc_builder.sopc_builder  -d"c:/altera/12.1sp1/quartus/sopc_builder" -notalkback=1 -projectnameyysystem.qpf -projectpathC:/Users/gongal/AppData/Local/Temp/alt6114_8155995218952929961.dir/0003_sopclgen  --no_splash --refresh C:/Users/gongal/AppData/Local/Temp/alt6114_8155995218952929961.dir/0003_sopclgen/yysystem.v --quartus_dir="c:/altera/12.1sp1/quartus" --sopc_perl="c:/altera/12.1sp1/quartus/bin/perl" --sopc_lib_path="++c:/altera/12.1sp1/quartus/../ip/altera/sopc_builder_ip+c:/altera/12.1sp1/quartus/../ip/altera/nios2_ip"
Info: Finished elaborating classic module.
Executing: C:/altera/12.1sp1/quartus//sopc_builder/bin/sopc_builder --classic --generate C:/Users/gongal/AppData/Local/Temp/alt6114_8155995218952929961.dir/0003_sopclgen/yysystem.ptf
Info: Running sopc_builder...
cygwin warning:
  MS-DOS style path detected: C:/altera/12.1sp1/quartus/sopc_builder/bin/nios_sh
  Preferred POSIX equivalent is: /cygdrive/c/altera/12.1sp1/quartus/sopc_builder/bin/nios_sh
  CYGWIN environment variable option "nodosfilewarning" turns off this warning.
  Consult the user's guide for more details about POSIX paths:
    http://cygwin.com/cygwin-ug-net/using.html#using-pathnames
"c:/altera/12.1sp1/quartus/bin/jre/bin/java.exe" -Xmx512M -classpath "c:/altera/12.1sp1/quartus/sopc_builder/bin/sopc_builder.jar;c:/altera/12.1sp1/quartus/sopc_builder/bin/PinAssigner.jar;c:/altera/12.1sp1/quartus/sopc_builder/bin/sopc_wizard.jar;c:/altera/12.1sp1/quartus/sopc_builder/bin/jptf.jar" sopc_builder.sopc_builder  -d"c:/altera/12.1sp1/quartus/sopc_builder" -notalkback=1 -projectnameyysystem.qpf -projectpathC:/Users/gongal/AppData/Local/Temp/alt6114_8155995218952929961.dir/0003_sopclgen  --generate C:/Users/gongal/AppData/Local/Temp/alt6114_8155995218952929961.dir/0003_sopclgen/yysystem.v --quartus_dir="c:/altera/12.1sp1/quartus" --sopc_perl="c:/altera/12.1sp1/quartus/bin/perl" --sopc_lib_path="++c:/altera/12.1sp1/quartus/../ip/altera/sopc_builder_ip+c:/altera/12.1sp1/quartus/../ip/altera/nios2_ip"
No .sopc_builder configuration file(!)
.
.
# 2014.02.13 10:58:20 (*) Running Test Generator Program for system_sdram
# 2014.02.13 10:58:21 (*) Success: sopc_builder finished.
Info: sdram: "system" instantiated altera_avalon_new_sdram_controller "sdram"
Info: Starting classic module elaboration.
cygwin warning:
  MS-DOS style path detected: C:/altera/12.1sp1/quartus/sopc_builder/bin/nios_sh
  Preferred POSIX equivalent is: /cygdrive/c/altera/12.1sp1/quartus/sopc_builder/bin/nios_sh
  CYGWIN environment variable option "nodosfilewarning" turns off this warning.
  Consult the user's guide for more details about POSIX paths:
    http://cygwin.com/cygwin-ug-net/using.html#using-pathnames
"c:/altera/12.1sp1/quartus/bin/jre/bin/java.exe" -Xmx512M -classpath "c:/altera/12.1sp1/quartus/sopc_builder/bin/sopc_builder.jar;c:/altera/12.1sp1/quartus/sopc_builder/bin/PinAssigner.jar;c:/altera/12.1sp1/quartus/sopc_builder/bin/sopc_wizard.jar;c:/altera/12.1sp1/quartus/sopc_builder/bin/jptf.jar" sopc_builder.sopc_builder  -d"c:/altera/12.1sp1/quartus/sopc_builder" -notalkback=1 -projectnameyysystem.qpf -projectpathC:/Users/gongal/AppData/Local/Temp/alt6114_8155995218952929961.dir/0004_sopclgen  --no_splash --refresh C:/Users/gongal/AppData/Local/Temp/alt6114_8155995218952929961.dir/0004_sopclgen/yysystem.v --quartus_dir="c:/altera/12.1sp1/quartus" --sopc_perl="c:/altera/12.1sp1/quartus/bin/perl" --sopc_lib_path="++c:/altera/12.1sp1/quartus/../ip/altera/sopc_builder_ip+c:/altera/12.1sp1/quartus/../ip/altera/nios2_ip"
Info: Finished elaborating classic module.
Executing: C:/altera/12.1sp1/quartus//sopc_builder/bin/sopc_builder --classic --generate C:/Users/gongal/AppData/Local/Temp/alt6114_8155995218952929961.dir/0004_sopclgen/yysystem.ptf
Info: Running sopc_builder...
cygwin warning:
  MS-DOS style path detected: C:/altera/12.1sp1/quartus/sopc_builder/bin/nios_sh
  Preferred POSIX equivalent is: /cygdrive/c/altera/12.1sp1/quartus/sopc_builder/bin/nios_sh
  CYGWIN environment variable option "nodosfilewarning" turns off this warning.
  Consult the user's guide for more details about POSIX paths:
    http://cygwin.com/cygwin-ug-net/using.html#using-pathnames
"c:/altera/12.1sp1/quartus/bin/jre/bin/java.exe" -Xmx512M -classpath "c:/altera/12.1sp1/quartus/sopc_builder/bin/sopc_builder.jar;c:/altera/12.1sp1/quartus/sopc_builder/bin/PinAssigner.jar;c:/altera/12.1sp1/quartus/sopc_builder/bin/sopc_wizard.jar;c:/altera/12.1sp1/quartus/sopc_builder/bin/jptf.jar" sopc_builder.sopc_builder  -d"c:/altera/12.1sp1/quartus/sopc_builder" -notalkback=1 -projectnameyysystem.qpf -projectpathC:/Users/gongal/AppData/Local/Temp/alt6114_8155995218952929961.dir/0004_sopclgen  --generate C:/Users/gongal/AppData/Local/Temp/alt6114_8155995218952929961.dir/0004_sopclgen/yysystem.v --quartus_dir="c:/altera/12.1sp1/quartus" --sopc_perl="c:/altera/12.1sp1/quartus/bin/perl" --sopc_lib_path="++c:/altera/12.1sp1/quartus/../ip/altera/sopc_builder_ip+c:/altera/12.1sp1/quartus/../ip/altera/nios2_ip"
No .sopc_builder configuration file(!)
.
# 2014.02.13 10:58:26 (*) Success: sopc_builder finished.
Info: epcs_flash_controller: "system" instantiated altera_avalon_epcs_flash_controller "epcs_flash_controller"
Info: Starting classic module elaboration.
cygwin warning:
  MS-DOS style path detected: C:/altera/12.1sp1/quartus/sopc_builder/bin/nios_sh
  Preferred POSIX equivalent is: /cygdrive/c/altera/12.1sp1/quartus/sopc_builder/bin/nios_sh
  CYGWIN environment variable option "nodosfilewarning" turns off this warning.
  Consult the user's guide for more details about POSIX paths:
    http://cygwin.com/cygwin-ug-net/using.html#using-pathnames
"c:/altera/12.1sp1/quartus/bin/jre/bin/java.exe" -Xmx512M -classpath "c:/altera/12.1sp1/quartus/sopc_builder/bin/sopc_builder.jar;c:/altera/12.1sp1/quartus/sopc_builder/bin/PinAssigner.jar;c:/altera/12.1sp1/quartus/sopc_builder/bin/sopc_wizard.jar;c:/altera/12.1sp1/quartus/sopc_builder/bin/jptf.jar" sopc_builder.sopc_builder  -d"c:/altera/12.1sp1/quartus/sopc_builder" -notalkback=1 -projectnameyysystem.qpf -projectpathC:/Users/gongal/AppData/Local/Temp/alt6114_8155995218952929961.dir/0005_sopclgen  --no_splash --refresh C:/Users/gongal/AppData/Local/Temp/alt6114_8155995218952929961.dir/0005_sopclgen/yysystem.v --quartus_dir="c:/altera/12.1sp1/quartus" --sopc_perl="c:/altera/12.1sp1/quartus/bin/perl" --sopc_lib_path="++c:/altera/12.1sp1/quartus/../ip/altera/sopc_builder_ip+c:/altera/12.1sp1/quartus/../ip/altera/nios2_ip"
Info: Finished elaborating classic module.
Executing: C:/altera/12.1sp1/quartus//sopc_builder/bin/sopc_builder --classic --generate C:/Users/gongal/AppData/Local/Temp/alt6114_8155995218952929961.dir/0005_sopclgen/yysystem.ptf
Info: Running sopc_builder...
cygwin warning:
  MS-DOS style path detected: C:/altera/12.1sp1/quartus/sopc_builder/bin/nios_sh
  Preferred POSIX equivalent is: /cygdrive/c/altera/12.1sp1/quartus/sopc_builder/bin/nios_sh
  CYGWIN environment variable option "nodosfilewarning" turns off this warning.
  Consult the user's guide for more details about POSIX paths:
    http://cygwin.com/cygwin-ug-net/using.html#using-pathnames
"c:/altera/12.1sp1/quartus/bin/jre/bin/java.exe" -Xmx512M -classpath "c:/altera/12.1sp1/quartus/sopc_builder/bin/sopc_builder.jar;c:/altera/12.1sp1/quartus/sopc_builder/bin/PinAssigner.jar;c:/altera/12.1sp1/quartus/sopc_builder/bin/sopc_wizard.jar;c:/altera/12.1sp1/quartus/sopc_builder/bin/jptf.jar" sopc_builder.sopc_builder  -d"c:/altera/12.1sp1/quartus/sopc_builder" -notalkback=1 -projectnameyysystem.qpf -projectpathC:/Users/gongal/AppData/Local/Temp/alt6114_8155995218952929961.dir/0005_sopclgen  --generate C:/Users/gongal/AppData/Local/Temp/alt6114_8155995218952929961.dir/0005_sopclgen/yysystem.v --quartus_dir="c:/altera/12.1sp1/quartus" --sopc_perl="c:/altera/12.1sp1/quartus/bin/perl" --sopc_lib_path="++c:/altera/12.1sp1/quartus/../ip/altera/sopc_builder_ip+c:/altera/12.1sp1/quartus/../ip/altera/nios2_ip"
No .sopc_builder configuration file(!)
.
# 2014.02.13 10:58:30 (*) Success: sopc_builder finished.
Info: sys_clk_timer: "system" instantiated altera_avalon_timer "sys_clk_timer"
Info: Starting classic module elaboration.
cygwin warning:
  MS-DOS style path detected: C:/altera/12.1sp1/quartus/sopc_builder/bin/nios_sh
  Preferred POSIX equivalent is: /cygdrive/c/altera/12.1sp1/quartus/sopc_builder/bin/nios_sh
  CYGWIN environment variable option "nodosfilewarning" turns off this warning.
  Consult the user's guide for more details about POSIX paths:
    http://cygwin.com/cygwin-ug-net/using.html#using-pathnames
"c:/altera/12.1sp1/quartus/bin/jre/bin/java.exe" -Xmx512M -classpath "c:/altera/12.1sp1/quartus/sopc_builder/bin/sopc_builder.jar;c:/altera/12.1sp1/quartus/sopc_builder/bin/PinAssigner.jar;c:/altera/12.1sp1/quartus/sopc_builder/bin/sopc_wizard.jar;c:/altera/12.1sp1/quartus/sopc_builder/bin/jptf.jar" sopc_builder.sopc_builder  -d"c:/altera/12.1sp1/quartus/sopc_builder" -notalkback=1 -projectnameyysystem.qpf -projectpathC:/Users/gongal/AppData/Local/Temp/alt6114_8155995218952929961.dir/0006_sopclgen  --no_splash --refresh C:/Users/gongal/AppData/Local/Temp/alt6114_8155995218952929961.dir/0006_sopclgen/yysystem.v --quartus_dir="c:/altera/12.1sp1/quartus" --sopc_perl="c:/altera/12.1sp1/quartus/bin/perl" --sopc_lib_path="++c:/altera/12.1sp1/quartus/../ip/altera/sopc_builder_ip+c:/altera/12.1sp1/quartus/../ip/altera/nios2_ip"
Info: Finished elaborating classic module.
Executing: C:/altera/12.1sp1/quartus//sopc_builder/bin/sopc_builder --classic --generate C:/Users/gongal/AppData/Local/Temp/alt6114_8155995218952929961.dir/0006_sopclgen/yysystem.ptf
Info: Running sopc_builder...
cygwin warning:
  MS-DOS style path detected: C:/altera/12.1sp1/quartus/sopc_builder/bin/nios_sh
  Preferred POSIX equivalent is: /cygdrive/c/altera/12.1sp1/quartus/sopc_builder/bin/nios_sh
  CYGWIN environment variable option "nodosfilewarning" turns off this warning.
  Consult the user's guide for more details about POSIX paths:
    http://cygwin.com/cygwin-ug-net/using.html#using-pathnames
"c:/altera/12.1sp1/quartus/bin/jre/bin/java.exe" -Xmx512M -classpath "c:/altera/12.1sp1/quartus/sopc_builder/bin/sopc_builder.jar;c:/altera/12.1sp1/quartus/sopc_builder/bin/PinAssigner.jar;c:/altera/12.1sp1/quartus/sopc_builder/bin/sopc_wizard.jar;c:/altera/12.1sp1/quartus/sopc_builder/bin/jptf.jar" sopc_builder.sopc_builder  -d"c:/altera/12.1sp1/quartus/sopc_builder" -notalkback=1 -projectnameyysystem.qpf -projectpathC:/Users/gongal/AppData/Local/Temp/alt6114_8155995218952929961.dir/0006_sopclgen  --generate C:/Users/gongal/AppData/Local/Temp/alt6114_8155995218952929961.dir/0006_sopclgen/yysystem.v --quartus_dir="c:/altera/12.1sp1/quartus" --sopc_perl="c:/altera/12.1sp1/quartus/bin/perl" --sopc_lib_path="++c:/altera/12.1sp1/quartus/../ip/altera/sopc_builder_ip+c:/altera/12.1sp1/quartus/../ip/altera/nios2_ip"
No .sopc_builder configuration file(!)
.
# 2014.02.13 10:58:35 (*) Success: sopc_builder finished.
Info: uart_0: "system" instantiated altera_avalon_uart "uart_0"
Info: Starting classic module elaboration.
cygwin warning:
  MS-DOS style path detected: C:/altera/12.1sp1/quartus/sopc_builder/bin/nios_sh
  Preferred POSIX equivalent is: /cygdrive/c/altera/12.1sp1/quartus/sopc_builder/bin/nios_sh
  CYGWIN environment variable option "nodosfilewarning" turns off this warning.
  Consult the user's guide for more details about POSIX paths:
    http://cygwin.com/cygwin-ug-net/using.html#using-pathnames
"c:/altera/12.1sp1/quartus/bin/jre/bin/java.exe" -Xmx512M -classpath "c:/altera/12.1sp1/quartus/sopc_builder/bin/sopc_builder.jar;c:/altera/12.1sp1/quartus/sopc_builder/bin/PinAssigner.jar;c:/altera/12.1sp1/quartus/sopc_builder/bin/sopc_wizard.jar;c:/altera/12.1sp1/quartus/sopc_builder/bin/jptf.jar" sopc_builder.sopc_builder  -d"c:/altera/12.1sp1/quartus/sopc_builder" -notalkback=1 -projectnameyysystem.qpf -projectpathC:/Users/gongal/AppData/Local/Temp/alt6114_8155995218952929961.dir/0007_sopclgen  --no_splash --refresh C:/Users/gongal/AppData/Local/Temp/alt6114_8155995218952929961.dir/0007_sopclgen/yysystem.v --quartus_dir="c:/altera/12.1sp1/quartus" --sopc_perl="c:/altera/12.1sp1/quartus/bin/perl" --sopc_lib_path="++c:/altera/12.1sp1/quartus/../ip/altera/sopc_builder_ip+c:/altera/12.1sp1/quartus/../ip/altera/nios2_ip"
Info: Finished elaborating classic module.
Executing: C:/altera/12.1sp1/quartus//sopc_builder/bin/sopc_builder --classic --generate C:/Users/gongal/AppData/Local/Temp/alt6114_8155995218952929961.dir/0007_sopclgen/yysystem.ptf
Info: Running sopc_builder...
cygwin warning:
  MS-DOS style path detected: C:/altera/12.1sp1/quartus/sopc_builder/bin/nios_sh
  Preferred POSIX equivalent is: /cygdrive/c/altera/12.1sp1/quartus/sopc_builder/bin/nios_sh
  CYGWIN environment variable option "nodosfilewarning" turns off this warning.
  Consult the user's guide for more details about POSIX paths:
    http://cygwin.com/cygwin-ug-net/using.html#using-pathnames
"c:/altera/12.1sp1/quartus/bin/jre/bin/java.exe" -Xmx512M -classpath "c:/altera/12.1sp1/quartus/sopc_builder/bin/sopc_builder.jar;c:/altera/12.1sp1/quartus/sopc_builder/bin/PinAssigner.jar;c:/altera/12.1sp1/quartus/sopc_builder/bin/sopc_wizard.jar;c:/altera/12.1sp1/quartus/sopc_builder/bin/jptf.jar" sopc_builder.sopc_builder  -d"c:/altera/12.1sp1/quartus/sopc_builder" -notalkback=1 -projectnameyysystem.qpf -projectpathC:/Users/gongal/AppData/Local/Temp/alt6114_8155995218952929961.dir/0007_sopclgen  --generate C:/Users/gongal/AppData/Local/Temp/alt6114_8155995218952929961.dir/0007_sopclgen/yysystem.v --quartus_dir="c:/altera/12.1sp1/quartus" --sopc_perl="c:/altera/12.1sp1/quartus/bin/perl" --sopc_lib_path="++c:/altera/12.1sp1/quartus/../ip/altera/sopc_builder_ip+c:/altera/12.1sp1/quartus/../ip/altera/nios2_ip"
No .sopc_builder configuration file(!)
.
# 2014.02.13 10:58:39 (*) Success: sopc_builder finished.
Info: pio_led_green: "system" instantiated altera_avalon_pio "pio_led_green"
Info: Starting classic module elaboration.
cygwin warning:
  MS-DOS style path detected: C:/altera/12.1sp1/quartus/sopc_builder/bin/nios_sh
  Preferred POSIX equivalent is: /cygdrive/c/altera/12.1sp1/quartus/sopc_builder/bin/nios_sh
  CYGWIN environment variable option "nodosfilewarning" turns off this warning.
  Consult the user's guide for more details about POSIX paths:
    http://cygwin.com/cygwin-ug-net/using.html#using-pathnames
"c:/altera/12.1sp1/quartus/bin/jre/bin/java.exe" -Xmx512M -classpath "c:/altera/12.1sp1/quartus/sopc_builder/bin/sopc_builder.jar;c:/altera/12.1sp1/quartus/sopc_builder/bin/PinAssigner.jar;c:/altera/12.1sp1/quartus/sopc_builder/bin/sopc_wizard.jar;c:/altera/12.1sp1/quartus/sopc_builder/bin/jptf.jar" sopc_builder.sopc_builder  -d"c:/altera/12.1sp1/quartus/sopc_builder" -notalkback=1 -projectnameyysystem.qpf -projectpathC:/Users/gongal/AppData/Local/Temp/alt6114_8155995218952929961.dir/0008_sopclgen  --no_splash --refresh C:/Users/gongal/AppData/Local/Temp/alt6114_8155995218952929961.dir/0008_sopclgen/yysystem.v --quartus_dir="c:/altera/12.1sp1/quartus" --sopc_perl="c:/altera/12.1sp1/quartus/bin/perl" --sopc_lib_path="++c:/altera/12.1sp1/quartus/../ip/altera/sopc_builder_ip+c:/altera/12.1sp1/quartus/../ip/altera/nios2_ip"
Info: Finished elaborating classic module.
Executing: C:/altera/12.1sp1/quartus//sopc_builder/bin/sopc_builder --classic --generate C:/Users/gongal/AppData/Local/Temp/alt6114_8155995218952929961.dir/0008_sopclgen/yysystem.ptf
Info: Running sopc_builder...
cygwin warning:
  MS-DOS style path detected: C:/altera/12.1sp1/quartus/sopc_builder/bin/nios_sh
  Preferred POSIX equivalent is: /cygdrive/c/altera/12.1sp1/quartus/sopc_builder/bin/nios_sh
  CYGWIN environment variable option "nodosfilewarning" turns off this warning.
  Consult the user's guide for more details about POSIX paths:
    http://cygwin.com/cygwin-ug-net/using.html#using-pathnames
"c:/altera/12.1sp1/quartus/bin/jre/bin/java.exe" -Xmx512M -classpath "c:/altera/12.1sp1/quartus/sopc_builder/bin/sopc_builder.jar;c:/altera/12.1sp1/quartus/sopc_builder/bin/PinAssigner.jar;c:/altera/12.1sp1/quartus/sopc_builder/bin/sopc_wizard.jar;c:/altera/12.1sp1/quartus/sopc_builder/bin/jptf.jar" sopc_builder.sopc_builder  -d"c:/altera/12.1sp1/quartus/sopc_builder" -notalkback=1 -projectnameyysystem.qpf -projectpathC:/Users/gongal/AppData/Local/Temp/alt6114_8155995218952929961.dir/0008_sopclgen  --generate C:/Users/gongal/AppData/Local/Temp/alt6114_8155995218952929961.dir/0008_sopclgen/yysystem.v --quartus_dir="c:/altera/12.1sp1/quartus" --sopc_perl="c:/altera/12.1sp1/quartus/bin/perl" --sopc_lib_path="++c:/altera/12.1sp1/quartus/../ip/altera/sopc_builder_ip+c:/altera/12.1sp1/quartus/../ip/altera/nios2_ip"
No .sopc_builder configuration file(!)
.
# 2014.02.13 10:58:43 (*) Success: sopc_builder finished.
Info: pio_key: "system" instantiated altera_avalon_pio "pio_key"
Info: Starting classic module elaboration.
cygwin warning:
  MS-DOS style path detected: C:/altera/12.1sp1/quartus/sopc_builder/bin/nios_sh
  Preferred POSIX equivalent is: /cygdrive/c/altera/12.1sp1/quartus/sopc_builder/bin/nios_sh
  CYGWIN environment variable option "nodosfilewarning" turns off this warning.
  Consult the user's guide for more details about POSIX paths:
    http://cygwin.com/cygwin-ug-net/using.html#using-pathnames
"c:/altera/12.1sp1/quartus/bin/jre/bin/java.exe" -Xmx512M -classpath "c:/altera/12.1sp1/quartus/sopc_builder/bin/sopc_builder.jar;c:/altera/12.1sp1/quartus/sopc_builder/bin/PinAssigner.jar;c:/altera/12.1sp1/quartus/sopc_builder/bin/sopc_wizard.jar;c:/altera/12.1sp1/quartus/sopc_builder/bin/jptf.jar" sopc_builder.sopc_builder  -d"c:/altera/12.1sp1/quartus/sopc_builder" -notalkback=1 -projectnameyysystem.qpf -projectpathC:/Users/gongal/AppData/Local/Temp/alt6114_8155995218952929961.dir/0009_sopclgen  --no_splash --refresh C:/Users/gongal/AppData/Local/Temp/alt6114_8155995218952929961.dir/0009_sopclgen/yysystem.v --quartus_dir="c:/altera/12.1sp1/quartus" --sopc_perl="c:/altera/12.1sp1/quartus/bin/perl" --sopc_lib_path="++c:/altera/12.1sp1/quartus/../ip/altera/sopc_builder_ip+c:/altera/12.1sp1/quartus/../ip/altera/nios2_ip"
Info: Finished elaborating classic module.
Executing: C:/altera/12.1sp1/quartus//sopc_builder/bin/sopc_builder --classic --generate C:/Users/gongal/AppData/Local/Temp/alt6114_8155995218952929961.dir/0009_sopclgen/yysystem.ptf
Info: Running sopc_builder...
cygwin warning:
  MS-DOS style path detected: C:/altera/12.1sp1/quartus/sopc_builder/bin/nios_sh
  Preferred POSIX equivalent is: /cygdrive/c/altera/12.1sp1/quartus/sopc_builder/bin/nios_sh
  CYGWIN environment variable option "nodosfilewarning" turns off this warning.
  Consult the user's guide for more details about POSIX paths:
    http://cygwin.com/cygwin-ug-net/using.html#using-pathnames
"c:/altera/12.1sp1/quartus/bin/jre/bin/java.exe" -Xmx512M -classpath "c:/altera/12.1sp1/quartus/sopc_builder/bin/sopc_builder.jar;c:/altera/12.1sp1/quartus/sopc_builder/bin/PinAssigner.jar;c:/altera/12.1sp1/quartus/sopc_builder/bin/sopc_wizard.jar;c:/altera/12.1sp1/quartus/sopc_builder/bin/jptf.jar" sopc_builder.sopc_builder  -d"c:/altera/12.1sp1/quartus/sopc_builder" -notalkback=1 -projectnameyysystem.qpf -projectpathC:/Users/gongal/AppData/Local/Temp/alt6114_8155995218952929961.dir/0009_sopclgen  --generate C:/Users/gongal/AppData/Local/Temp/alt6114_8155995218952929961.dir/0009_sopclgen/yysystem.v --quartus_dir="c:/altera/12.1sp1/quartus" --sopc_perl="c:/altera/12.1sp1/quartus/bin/perl" --sopc_lib_path="++c:/altera/12.1sp1/quartus/../ip/altera/sopc_builder_ip+c:/altera/12.1sp1/quartus/../ip/altera/nios2_ip"
No .sopc_builder configuration file(!)
.
# 2014.02.13 10:58:47 (*) Success: sopc_builder finished.
Info: pio_sw: "system" instantiated altera_avalon_pio "pio_sw"
Info: Starting classic module elaboration.
cygwin warning:
  MS-DOS style path detected: C:/altera/12.1sp1/quartus/sopc_builder/bin/nios_sh
  Preferred POSIX equivalent is: /cygdrive/c/altera/12.1sp1/quartus/sopc_builder/bin/nios_sh
  CYGWIN environment variable option "nodosfilewarning" turns off this warning.
  Consult the user's guide for more details about POSIX paths:
    http://cygwin.com/cygwin-ug-net/using.html#using-pathnames
"c:/altera/12.1sp1/quartus/bin/jre/bin/java.exe" -Xmx512M -classpath "c:/altera/12.1sp1/quartus/sopc_builder/bin/sopc_builder.jar;c:/altera/12.1sp1/quartus/sopc_builder/bin/PinAssigner.jar;c:/altera/12.1sp1/quartus/sopc_builder/bin/sopc_wizard.jar;c:/altera/12.1sp1/quartus/sopc_builder/bin/jptf.jar" sopc_builder.sopc_builder  -d"c:/altera/12.1sp1/quartus/sopc_builder" -notalkback=1 -projectnameyysystem.qpf -projectpathC:/Users/gongal/AppData/Local/Temp/alt6114_8155995218952929961.dir/0010_sopclgen  --no_splash --refresh C:/Users/gongal/AppData/Local/Temp/alt6114_8155995218952929961.dir/0010_sopclgen/yysystem.v --quartus_dir="c:/altera/12.1sp1/quartus" --sopc_perl="c:/altera/12.1sp1/quartus/bin/perl" --sopc_lib_path="++c:/altera/12.1sp1/quartus/../ip/altera/sopc_builder_ip+c:/altera/12.1sp1/quartus/../ip/altera/nios2_ip"
Info: Finished elaborating classic module.
Executing: C:/altera/12.1sp1/quartus//sopc_builder/bin/sopc_builder --classic --generate C:/Users/gongal/AppData/Local/Temp/alt6114_8155995218952929961.dir/0010_sopclgen/yysystem.ptf
Info: Running sopc_builder...
cygwin warning:
  MS-DOS style path detected: C:/altera/12.1sp1/quartus/sopc_builder/bin/nios_sh
  Preferred POSIX equivalent is: /cygdrive/c/altera/12.1sp1/quartus/sopc_builder/bin/nios_sh
  CYGWIN environment variable option "nodosfilewarning" turns off this warning.
  Consult the user's guide for more details about POSIX paths:
    http://cygwin.com/cygwin-ug-net/using.html#using-pathnames
"c:/altera/12.1sp1/quartus/bin/jre/bin/java.exe" -Xmx512M -classpath "c:/altera/12.1sp1/quartus/sopc_builder/bin/sopc_builder.jar;c:/altera/12.1sp1/quartus/sopc_builder/bin/PinAssigner.jar;c:/altera/12.1sp1/quartus/sopc_builder/bin/sopc_wizard.jar;c:/altera/12.1sp1/quartus/sopc_builder/bin/jptf.jar" sopc_builder.sopc_builder  -d"c:/altera/12.1sp1/quartus/sopc_builder" -notalkback=1 -projectnameyysystem.qpf -projectpathC:/Users/gongal/AppData/Local/Temp/alt6114_8155995218952929961.dir/0010_sopclgen  --generate C:/Users/gongal/AppData/Local/Temp/alt6114_8155995218952929961.dir/0010_sopclgen/yysystem.v --quartus_dir="c:/altera/12.1sp1/quartus" --sopc_perl="c:/altera/12.1sp1/quartus/bin/perl" --sopc_lib_path="++c:/altera/12.1sp1/quartus/../ip/altera/sopc_builder_ip+c:/altera/12.1sp1/quartus/../ip/altera/nios2_ip"
No .sopc_builder configuration file(!)
.
# 2014.02.13 10:58:52 (*) Success: sopc_builder finished.
Info: spi_0: "system" instantiated altera_avalon_spi "spi_0"
Info: Starting classic module elaboration.
cygwin warning:
  MS-DOS style path detected: C:/altera/12.1sp1/quartus/sopc_builder/bin/nios_sh
  Preferred POSIX equivalent is: /cygdrive/c/altera/12.1sp1/quartus/sopc_builder/bin/nios_sh
  CYGWIN environment variable option "nodosfilewarning" turns off this warning.
  Consult the user's guide for more details about POSIX paths:
    http://cygwin.com/cygwin-ug-net/using.html#using-pathnames
"c:/altera/12.1sp1/quartus/bin/jre/bin/java.exe" -Xmx512M -classpath "c:/altera/12.1sp1/quartus/sopc_builder/bin/sopc_builder.jar;c:/altera/12.1sp1/quartus/sopc_builder/bin/PinAssigner.jar;c:/altera/12.1sp1/quartus/sopc_builder/bin/sopc_wizard.jar;c:/altera/12.1sp1/quartus/sopc_builder/bin/jptf.jar" sopc_builder.sopc_builder  -d"c:/altera/12.1sp1/quartus/sopc_builder" -notalkback=1 -projectnameyysystem.qpf -projectpathC:/Users/gongal/AppData/Local/Temp/alt6114_8155995218952929961.dir/0011_sopclgen  --no_splash --refresh C:/Users/gongal/AppData/Local/Temp/alt6114_8155995218952929961.dir/0011_sopclgen/yysystem.v --quartus_dir="c:/altera/12.1sp1/quartus" --sopc_perl="c:/altera/12.1sp1/quartus/bin/perl" --sopc_lib_path="++c:/altera/12.1sp1/quartus/../ip/altera/sopc_builder_ip+c:/altera/12.1sp1/quartus/../ip/altera/nios2_ip"
Info: Finished elaborating classic module.
Executing: C:/altera/12.1sp1/quartus//sopc_builder/bin/sopc_builder --classic --generate C:/Users/gongal/AppData/Local/Temp/alt6114_8155995218952929961.dir/0011_sopclgen/yysystem.ptf
Info: Running sopc_builder...
cygwin warning:
  MS-DOS style path detected: C:/altera/12.1sp1/quartus/sopc_builder/bin/nios_sh
  Preferred POSIX equivalent is: /cygdrive/c/altera/12.1sp1/quartus/sopc_builder/bin/nios_sh
  CYGWIN environment variable option "nodosfilewarning" turns off this warning.
  Consult the user's guide for more details about POSIX paths:
    http://cygwin.com/cygwin-ug-net/using.html#using-pathnames
"c:/altera/12.1sp1/quartus/bin/jre/bin/java.exe" -Xmx512M -classpath "c:/altera/12.1sp1/quartus/sopc_builder/bin/sopc_builder.jar;c:/altera/12.1sp1/quartus/sopc_builder/bin/PinAssigner.jar;c:/altera/12.1sp1/quartus/sopc_builder/bin/sopc_wizard.jar;c:/altera/12.1sp1/quartus/sopc_builder/bin/jptf.jar" sopc_builder.sopc_builder  -d"c:/altera/12.1sp1/quartus/sopc_builder" -notalkback=1 -projectnameyysystem.qpf -projectpathC:/Users/gongal/AppData/Local/Temp/alt6114_8155995218952929961.dir/0011_sopclgen  --generate C:/Users/gongal/AppData/Local/Temp/alt6114_8155995218952929961.dir/0011_sopclgen/yysystem.v --quartus_dir="c:/altera/12.1sp1/quartus" --sopc_perl="c:/altera/12.1sp1/quartus/bin/perl" --sopc_lib_path="++c:/altera/12.1sp1/quartus/../ip/altera/sopc_builder_ip+c:/altera/12.1sp1/quartus/../ip/altera/nios2_ip"
No .sopc_builder configuration file(!)
.
# 2014.02.13 10:58:56 (*) Success: sopc_builder finished.
Info: pio_vscodec: "system" instantiated altera_avalon_pio "pio_vscodec"
Info: Starting classic module elaboration.
cygwin warning:
  MS-DOS style path detected: C:/altera/12.1sp1/quartus/sopc_builder/bin/nios_sh
  Preferred POSIX equivalent is: /cygdrive/c/altera/12.1sp1/quartus/sopc_builder/bin/nios_sh
  CYGWIN environment variable option "nodosfilewarning" turns off this warning.
  Consult the user's guide for more details about POSIX paths:
    http://cygwin.com/cygwin-ug-net/using.html#using-pathnames
"c:/altera/12.1sp1/quartus/bin/jre/bin/java.exe" -Xmx512M -classpath "c:/altera/12.1sp1/quartus/sopc_builder/bin/sopc_builder.jar;c:/altera/12.1sp1/quartus/sopc_builder/bin/PinAssigner.jar;c:/altera/12.1sp1/quartus/sopc_builder/bin/sopc_wizard.jar;c:/altera/12.1sp1/quartus/sopc_builder/bin/jptf.jar" sopc_builder.sopc_builder  -d"c:/altera/12.1sp1/quartus/sopc_builder" -notalkback=1 -projectnameyysystem.qpf -projectpathC:/Users/gongal/AppData/Local/Temp/alt6114_8155995218952929961.dir/0012_sopclgen  --no_splash --refresh C:/Users/gongal/AppData/Local/Temp/alt6114_8155995218952929961.dir/0012_sopclgen/yysystem.v --quartus_dir="c:/altera/12.1sp1/quartus" --sopc_perl="c:/altera/12.1sp1/quartus/bin/perl" --sopc_lib_path="++c:/altera/12.1sp1/quartus/../ip/altera/sopc_builder_ip+c:/altera/12.1sp1/quartus/../ip/altera/nios2_ip"
Info: Finished elaborating classic module.
Executing: C:/altera/12.1sp1/quartus//sopc_builder/bin/sopc_builder --classic --generate C:/Users/gongal/AppData/Local/Temp/alt6114_8155995218952929961.dir/0012_sopclgen/yysystem.ptf
Info: Running sopc_builder...
cygwin warning:
  MS-DOS style path detected: C:/altera/12.1sp1/quartus/sopc_builder/bin/nios_sh
  Preferred POSIX equivalent is: /cygdrive/c/altera/12.1sp1/quartus/sopc_builder/bin/nios_sh
  CYGWIN environment variable option "nodosfilewarning" turns off this warning.
  Consult the user's guide for more details about POSIX paths:
    http://cygwin.com/cygwin-ug-net/using.html#using-pathnames
"c:/altera/12.1sp1/quartus/bin/jre/bin/java.exe" -Xmx512M -classpath "c:/altera/12.1sp1/quartus/sopc_builder/bin/sopc_builder.jar;c:/altera/12.1sp1/quartus/sopc_builder/bin/PinAssigner.jar;c:/altera/12.1sp1/quartus/sopc_builder/bin/sopc_wizard.jar;c:/altera/12.1sp1/quartus/sopc_builder/bin/jptf.jar" sopc_builder.sopc_builder  -d"c:/altera/12.1sp1/quartus/sopc_builder" -notalkback=1 -projectnameyysystem.qpf -projectpathC:/Users/gongal/AppData/Local/Temp/alt6114_8155995218952929961.dir/0012_sopclgen  --generate C:/Users/gongal/AppData/Local/Temp/alt6114_8155995218952929961.dir/0012_sopclgen/yysystem.v --quartus_dir="c:/altera/12.1sp1/quartus" --sopc_perl="c:/altera/12.1sp1/quartus/bin/perl" --sopc_lib_path="++c:/altera/12.1sp1/quartus/../ip/altera/sopc_builder_ip+c:/altera/12.1sp1/quartus/../ip/altera/nios2_ip"
No .sopc_builder configuration file(!)
.
# 2014.02.13 10:59:00 (*) Success: sopc_builder finished.
Info: pio_int3: "system" instantiated altera_avalon_pio "pio_int3"
Info: cpu_instruction_master_translator: "system" instantiated altera_merlin_master_translator "cpu_instruction_master_translator"
Info: cpu_jtag_debug_module_translator: "system" instantiated altera_merlin_slave_translator "cpu_jtag_debug_module_translator"
Info: cpu_instruction_master_translator_avalon_universal_master_0_agent: "system" instantiated altera_merlin_master_agent "cpu_instruction_master_translator_avalon_universal_master_0_agent"
Info: cpu_jtag_debug_module_translator_avalon_universal_slave_0_agent: "system" instantiated altera_merlin_slave_agent "cpu_jtag_debug_module_translator_avalon_universal_slave_0_agent"
Info: cpu_jtag_debug_module_translator_avalon_universal_slave_0_agent_rsp_fifo: "system" instantiated altera_avalon_sc_fifo "cpu_jtag_debug_module_translator_avalon_universal_slave_0_agent_rsp_fifo"
Info: addr_router: "system" instantiated altera_merlin_router "addr_router"
Info: addr_router_001: "system" instantiated altera_merlin_router "addr_router_001"
Info: id_router: "system" instantiated altera_merlin_router "id_router"
Info: id_router_001: "system" instantiated altera_merlin_router "id_router_001"
Info: id_router_002: "system" instantiated altera_merlin_router "id_router_002"
Info: limiter: "system" instantiated altera_merlin_traffic_limiter "limiter"
Info: burst_adapter: "system" instantiated altera_merlin_burst_adapter "burst_adapter"
Info: rst_controller: "system" instantiated altera_reset_controller "rst_controller"
Info: cmd_xbar_demux: "system" instantiated altera_merlin_demultiplexer "cmd_xbar_demux"
Info: cmd_xbar_demux_001: "system" instantiated altera_merlin_demultiplexer "cmd_xbar_demux_001"
Info: cmd_xbar_mux: "system" instantiated altera_merlin_multiplexer "cmd_xbar_mux"
Info: rsp_xbar_demux: "system" instantiated altera_merlin_demultiplexer "rsp_xbar_demux"
Info: rsp_xbar_demux_002: "system" instantiated altera_merlin_demultiplexer "rsp_xbar_demux_002"
Info: rsp_xbar_mux: "system" instantiated altera_merlin_multiplexer "rsp_xbar_mux"
Info: Reusing file C:/Users/gongal/Desktop/DE0-nano-HD/system/synthesis/submodules/altera_merlin_arbitrator.sv
Info: rsp_xbar_mux_001: "system" instantiated altera_merlin_multiplexer "rsp_xbar_mux_001"
Info: Reusing file C:/Users/gongal/Desktop/DE0-nano-HD/system/synthesis/submodules/altera_merlin_arbitrator.sv
Info: width_adapter: "system" instantiated altera_merlin_width_adapter "width_adapter"
Info: Reusing file C:/Users/gongal/Desktop/DE0-nano-HD/system/synthesis/submodules/altera_merlin_burst_uncompressor.sv
Info: Reusing file C:/Users/gongal/Desktop/DE0-nano-HD/system/synthesis/submodules/altera_merlin_address_alignment.sv
Info: irq_mapper: "system" instantiated altera_irq_mapper "irq_mapper"
Info: system: Done system" with 35 modules, 131 files, 2663776 bytes
Info: ip-generate succeeded.
Info: Finished: Create HDL design files for synthesis
