
**** Build of configuration Nios II for project ARCap ****

make all 
Info: Building ../ARCap_bsp/
make --no-print-directory -C ../ARCap_bsp/
[BSP build complete]
Info: Compiling DataSource.cpp to obj/default/DataSource.o
nios2-elf-gcc -xc++ -MP -MMD -c -I../ARCap_bsp//UCOSII/inc -I../ARCap_bsp//HAL/inc -I../ARCap_bsp/ -I../ARCap_bsp//drivers/inc  -DSYSTEM_BUS_WIDTH=32 -pipe -D__hal__ -DALT_NO_INSTRUCTION_EMULATION -D__ucosii__      -O0 -g -Wall   -EL -mno-hw-div -mhw-mul -mno-hw-mulx  -o obj/default/DataSource.o DataSource.cpp
Info: Compiling InfraredHandler.cpp to obj/default/InfraredHandler.o
nios2-elf-gcc -xc++ -MP -MMD -c -I../ARCap_bsp//UCOSII/inc -I../ARCap_bsp//HAL/inc -I../ARCap_bsp/ -I../ARCap_bsp//drivers/inc  -DSYSTEM_BUS_WIDTH=32 -pipe -D__hal__ -DALT_NO_INSTRUCTION_EMULATION -D__ucosii__      -O0 -g -Wall   -EL -mno-hw-div -mhw-mul -mno-hw-mulx  -o obj/default/InfraredHandler.o InfraredHandler.cpp
Info: Compiling InfraredNetworkBridge.cpp to obj/default/InfraredNetworkBridge.o
nios2-elf-gcc -xc++ -MP -MMD -c -I../ARCap_bsp//UCOSII/inc -I../ARCap_bsp//HAL/inc -I../ARCap_bsp/ -I../ARCap_bsp//drivers/inc  -DSYSTEM_BUS_WIDTH=32 -pipe -D__hal__ -DALT_NO_INSTRUCTION_EMULATION -D__ucosii__      -O0 -g -Wall   -EL -mno-hw-div -mhw-mul -mno-hw-mulx  -o obj/default/InfraredNetworkBridge.o InfraredNetworkBridge.cpp
Info: Compiling InfraredTasks.cpp to obj/default/InfraredTasks.o
nios2-elf-gcc -xc++ -MP -MMD -c -I../ARCap_bsp//UCOSII/inc -I../ARCap_bsp//HAL/inc -I../ARCap_bsp/ -I../ARCap_bsp//drivers/inc  -DSYSTEM_BUS_WIDTH=32 -pipe -D__hal__ -DALT_NO_INSTRUCTION_EMULATION -D__ucosii__      -O0 -g -Wall   -EL -mno-hw-div -mhw-mul -mno-hw-mulx  -o obj/default/InfraredTasks.o InfraredTasks.cpp
Info: Compiling NetworkHandler.cpp to obj/default/NetworkHandler.o
nios2-elf-gcc -xc++ -MP -MMD -c -I../ARCap_bsp//UCOSII/inc -I../ARCap_bsp//HAL/inc -I../ARCap_bsp/ -I../ARCap_bsp//drivers/inc  -DSYSTEM_BUS_WIDTH=32 -pipe -D__hal__ -DALT_NO_INSTRUCTION_EMULATION -D__ucosii__      -O0 -g -Wall   -EL -mno-hw-div -mhw-mul -mno-hw-mulx  -o obj/default/NetworkHandler.o NetworkHandler.cpp
Info: Compiling NetworkInfraredBridge.cpp to obj/default/NetworkInfraredBridge.o
nios2-elf-gcc -xc++ -MP -MMD -c -I../ARCap_bsp//UCOSII/inc -I../ARCap_bsp//HAL/inc -I../ARCap_bsp/ -I../ARCap_bsp//drivers/inc  -DSYSTEM_BUS_WIDTH=32 -pipe -D__hal__ -DALT_NO_INSTRUCTION_EMULATION -D__ucosii__      -O0 -g -Wall   -EL -mno-hw-div -mhw-mul -mno-hw-mulx  -o obj/default/NetworkInfraredBridge.o NetworkInfraredBridge.cpp
Info: Compiling NetworkTasks.cpp to obj/default/NetworkTasks.o
nios2-elf-gcc -xc++ -MP -MMD -c -I../ARCap_bsp//UCOSII/inc -I../ARCap_bsp//HAL/inc -I../ARCap_bsp/ -I../ARCap_bsp//drivers/inc  -DSYSTEM_BUS_WIDTH=32 -pipe -D__hal__ -DALT_NO_INSTRUCTION_EMULATION -D__ucosii__      -O0 -g -Wall   -EL -mno-hw-div -mhw-mul -mno-hw-mulx  -o obj/default/NetworkTasks.o NetworkTasks.cpp
Info: Compiling main.cpp to obj/default/main.o
nios2-elf-gcc -xc++ -MP -MMD -c -I../ARCap_bsp//UCOSII/inc -I../ARCap_bsp//HAL/inc -I../ARCap_bsp/ -I../ARCap_bsp//drivers/inc  -DSYSTEM_BUS_WIDTH=32 -pipe -D__hal__ -DALT_NO_INSTRUCTION_EMULATION -D__ucosii__      -O0 -g -Wall   -EL -mno-hw-div -mhw-mul -mno-hw-mulx  -o obj/default/main.o main.cpp
Info: Linking ARCap.elf
nios2-elf-g++  -T'../ARCap_bsp//linker.x' -msys-crt0='../ARCap_bsp//obj/HAL/src/crt0.o' -msys-lib=ucosii_bsp -L../ARCap_bsp/   -Wl,-Map=ARCap.map   -O0 -g -Wall   -EL -mno-hw-div -mhw-mul -mno-hw-mulx  -o ARCap.elf obj/default/Bridge.o obj/default/DataSource.o obj/default/InfraredHandler.o obj/default/InfraredNetworkBridge.o obj/default/InfraredTasks.o obj/default/NetworkHandler.o obj/default/NetworkInfraredBridge.o obj/default/NetworkTasks.o obj/default/main.o -lm 
nios2-elf-insert ARCap.elf --thread_model ucosii --cpu_name cpu --qsys true --simulation_enabled false --id 0 --sidp 0x2001098 --timestamp 1393793416 --stderr_dev jtag_uart_0 --stdin_dev jtag_uart_0 --stdout_dev jtag_uart_0 --sopc_system_name system --quartus_project_dir "C:/Users/kigunda/Documents/Ece492/Repository/ARCap" --jdi C:/Users/kigunda/Documents/Ece492/Repository/ARCap/de0_nano_system.jdi --sopcinfo C:/Users/kigunda/Documents/Ece492/Repository/ARCap/system.sopcinfo
Info: (ARCap.elf) 461 KBytes program size (code + initialized data).
Info:             15915 KBytes free for stack + heap.
Info: Creating ARCap.objdump
nios2-elf-objdump --disassemble --syms --all-header --source ARCap.elf >ARCap.objdump
[ARCap build complete]

**** Build Finished ****
